[ 2016-07-28T09:03:59+08:00 ] 127.0.0.1 /thinkcmf/
NOTIC: D方法实例化没找到模型类Admin\Model\LinksModel
NOTIC: D方法实例化没找到模型类portal\Model\PostsModel

[ 2016-07-28T09:04:14+08:00 ] 127.0.0.1 /thinkcmf/index.php?g=portal&m=index&a=va
NOTIC: D方法实例化没找到模型类portal\Model\PostsModel

[ 2016-07-28T09:04:15+08:00 ] 127.0.0.1 /thinkcmf/index.php?g=portal&m=index&a=va
NOTIC: D方法实例化没找到模型类portal\Model\PostsModel

[ 2016-07-28T09:04:24+08:00 ] 127.0.0.1 /thinkcmf/index.php?g=portal&m=index&a=va
NOTIC: D方法实例化没找到模型类portal\Model\PostsModel

[ 2016-07-28T09:04:29+08:00 ] 127.0.0.1 /thinkcmf/index.php?g=portal&m=index&a=article
NOTIC: D方法实例化没找到模型类Portal\Model\PostsModel

[ 2016-07-28T09:04:33+08:00 ] 127.0.0.1 /thinkcmf/index.php?g=portal&m=index&a=domain
NOTIC: D方法实例化没找到模型类Portal\Model\PostsModel

[ 2016-07-28T09:04:34+08:00 ] 127.0.0.1 /thinkcmf/index.php?g=portal&m=index&a=domain
NOTIC: D方法实例化没找到模型类Portal\Model\PostsModel

[ 2016-07-28T09:04:34+08:00 ] 127.0.0.1 /thinkcmf/
NOTIC: D方法实例化没找到模型类Admin\Model\LinksModel
NOTIC: D方法实例化没找到模型类portal\Model\PostsModel

[ 2016-07-28T09:12:51+08:00 ] 127.0.0.1 /thinkcmf/
NOTIC: D方法实例化没找到模型类Admin\Model\LinksModel
NOTIC: D方法实例化没找到模型类portal\Model\PostsModel

[ 2016-07-28T09:13:41+08:00 ] 127.0.0.1 /thinkcmf/
NOTIC: D方法实例化没找到模型类Admin\Model\LinksModel
NOTIC: D方法实例化没找到模型类portal\Model\PostsModel

[ 2016-07-28T09:21:42+08:00 ] 127.0.0.1 /thinkcmf/
NOTIC: D方法实例化没找到模型类Admin\Model\LinksModel
NOTIC: D方法实例化没找到模型类portal\Model\PostsModel
ERR: XML标签语法错误 : name="sp"item="vo13"

[ 2016-07-28T09:22:14+08:00 ] 127.0.0.1 /thinkcmf/
NOTIC: D方法实例化没找到模型类Admin\Model\LinksModel
NOTIC: D方法实例化没找到模型类portal\Model\PostsModel

[ 2016-07-28T09:22:58+08:00 ] 127.0.0.1 /thinkcmf/index.php?g=Portal&m=AdminPost&a=index&menuid=7
NOTIC: D方法实例化没找到模型类Portal\Model\PostsModel

[ 2016-07-28T09:23:03+08:00 ] 127.0.0.1 /thinkcmf/index.php?g=&m=AdminPost&a=add&term=
NOTIC: D方法实例化没找到模型类Portal\Model\PostsModel

[ 2016-07-28T09:24:02+08:00 ] 127.0.0.1 /thinkcmf/
NOTIC: D方法实例化没找到模型类Admin\Model\LinksModel
NOTIC: D方法实例化没找到模型类portal\Model\PostsModel

[ 2016-07-28T09:24:16+08:00 ] 127.0.0.1 /thinkcmf/index.php?g=&m=AdminPost&a=add_post
INFO: [ app_begin ] --START--
INFO: Run Behavior\ReadHtmlCacheBehavior [ RunTime:0.000000s ]
INFO: Run Behavior\CheckLangBehavior [ RunTime:0.001000s ]
INFO: [ app_begin ] --END-- [ RunTime:0.002000s ]
SQL: SHOW COLUMNS FROM `ty_users` [ RunTime:0.0020s ]
SQL: SELECT * FROM `ty_users` WHERE ( id=1 ) LIMIT 1   [ RunTime:0.0000s ]
NOTIC: D方法实例化没找到模型类Portal\Model\PostsModel
SQL: SHOW COLUMNS FROM `ty_posts` [ RunTime:0.0020s ]
SQL: SHOW COLUMNS FROM `ty_terms` [ RunTime:0.0020s ]
SQL: SHOW COLUMNS FROM `ty_term_relationships` [ RunTime:0.0020s ]
SQL: INSERT INTO `ty_posts` (`post_title`,`post_keywords`,`post_source`,`post_excerpt`,`post_modified`,`post_status`,`istop`,`recommended`,`post_content`,`post_date`,`post_author`,`smeta`) VALUES ('fdvfvfdv','vdfvdfvdfv','vdfvdfvdfv','vdfvdfvdf','2016-07-28 09:23:03','1','0','0','<p>dvdvdvfd<br/></p>','2016-07-28 09:24:16','1','{\"thumb\":\"\"}') [ RunTime:0.0000s ]
SQL: INSERT INTO `ty_term_relationships` (`term_id`,`object_id`) VALUES ('23','39') [ RunTime:0.0000s ]

[ 2016-07-28T09:24:18+08:00 ] 127.0.0.1 /thinkcmf/index.php?g=&m=AdminPost&a=index
NOTIC: D方法实例化没找到模型类Portal\Model\PostsModel

[ 2016-07-28T09:24:20+08:00 ] 127.0.0.1 /thinkcmf/index.php?g=&m=AdminPost&a=add&term=
NOTIC: D方法实例化没找到模型类Portal\Model\PostsModel

[ 2016-07-28T09:24:29+08:00 ] 127.0.0.1 /thinkcmf/index.php?g=&m=AdminPost&a=add_post
INFO: [ app_begin ] --START--
INFO: Run Behavior\ReadHtmlCacheBehavior [ RunTime:0.000000s ]
INFO: Run Behavior\CheckLangBehavior [ RunTime:0.000000s ]
INFO: [ app_begin ] --END-- [ RunTime:0.000000s ]
SQL: SHOW COLUMNS FROM `ty_users` [ RunTime:0.0020s ]
SQL: SELECT * FROM `ty_users` WHERE ( id=1 ) LIMIT 1   [ RunTime:0.0000s ]
NOTIC: D方法实例化没找到模型类Portal\Model\PostsModel
SQL: SHOW COLUMNS FROM `ty_posts` [ RunTime:0.0020s ]
SQL: SHOW COLUMNS FROM `ty_terms` [ RunTime:0.0020s ]
SQL: SHOW COLUMNS FROM `ty_term_relationships` [ RunTime:0.0020s ]
SQL: INSERT INTO `ty_posts` (`post_title`,`post_keywords`,`post_source`,`post_excerpt`,`post_modified`,`post_status`,`istop`,`recommended`,`post_content`,`post_date`,`post_author`,`smeta`) VALUES ('dsfsdfcsdf','scsdcsdc','scsdcsdc','sdcsdcsd','2016-07-28 09:24:20','1','0','0','<p>csdcscsdc<br/></p>','2016-07-28 09:24:29','1','{\"thumb\":\"\"}') [ RunTime:0.0010s ]
SQL: INSERT INTO `ty_term_relationships` (`term_id`,`object_id`) VALUES ('24','40') [ RunTime:0.0000s ]

[ 2016-07-28T09:24:31+08:00 ] 127.0.0.1 /thinkcmf/index.php?g=&m=AdminPost&a=index
NOTIC: D方法实例化没找到模型类Portal\Model\PostsModel

[ 2016-07-28T09:24:33+08:00 ] 127.0.0.1 /thinkcmf/index.php?g=&m=AdminPost&a=add&term=
NOTIC: D方法实例化没找到模型类Portal\Model\PostsModel

[ 2016-07-28T09:24:42+08:00 ] 127.0.0.1 /thinkcmf/index.php?g=&m=AdminPost&a=add_post
INFO: [ app_begin ] --START--
INFO: Run Behavior\ReadHtmlCacheBehavior [ RunTime:0.000000s ]
INFO: Run Behavior\CheckLangBehavior [ RunTime:0.001000s ]
INFO: [ app_begin ] --END-- [ RunTime:0.002000s ]
SQL: SHOW COLUMNS FROM `ty_users` [ RunTime:0.0020s ]
SQL: SELECT * FROM `ty_users` WHERE ( id=1 ) LIMIT 1   [ RunTime:0.0000s ]
NOTIC: D方法实例化没找到模型类Portal\Model\PostsModel
SQL: SHOW COLUMNS FROM `ty_posts` [ RunTime:0.0020s ]
SQL: SHOW COLUMNS FROM `ty_terms` [ RunTime:0.0030s ]
SQL: SHOW COLUMNS FROM `ty_term_relationships` [ RunTime:0.0010s ]
SQL: INSERT INTO `ty_posts` (`post_title`,`post_keywords`,`post_source`,`post_excerpt`,`post_modified`,`post_status`,`istop`,`recommended`,`post_content`,`post_date`,`post_author`,`smeta`) VALUES ('dscdcs','cdscsdcs','csdcsdc','sdcsdcsdc','2016-07-28 09:24:33','1','0','0','<p>scsdcsdcsd<br/></p>','2016-07-28 09:24:42','1','{\"thumb\":\"\"}') [ RunTime:0.0000s ]
SQL: INSERT INTO `ty_term_relationships` (`term_id`,`object_id`) VALUES ('25','41') [ RunTime:0.0010s ]

[ 2016-07-28T09:24:43+08:00 ] 127.0.0.1 /thinkcmf/index.php?g=&m=AdminPost&a=index
NOTIC: D方法实例化没找到模型类Portal\Model\PostsModel

[ 2016-07-28T09:24:45+08:00 ] 127.0.0.1 /thinkcmf/
NOTIC: D方法实例化没找到模型类Admin\Model\LinksModel
NOTIC: D方法实例化没找到模型类portal\Model\PostsModel

[ 2016-07-28T09:24:47+08:00 ] 127.0.0.1 /thinkcmf/
NOTIC: D方法实例化没找到模型类Admin\Model\LinksModel
NOTIC: D方法实例化没找到模型类portal\Model\PostsModel

[ 2016-07-28T09:24:47+08:00 ] 127.0.0.1 /thinkcmf/
NOTIC: D方法实例化没找到模型类Admin\Model\LinksModel
NOTIC: D方法实例化没找到模型类portal\Model\PostsModel

[ 2016-07-28T09:24:47+08:00 ] 127.0.0.1 /thinkcmf/
NOTIC: D方法实例化没找到模型类Admin\Model\LinksModel
NOTIC: D方法实例化没找到模型类portal\Model\PostsModel

[ 2016-07-28T09:24:48+08:00 ] 127.0.0.1 /thinkcmf/
NOTIC: D方法实例化没找到模型类Admin\Model\LinksModel
NOTIC: D方法实例化没找到模型类portal\Model\PostsModel

[ 2016-07-28T09:26:30+08:00 ] 127.0.0.1 /thinkcmf/
NOTIC: D方法实例化没找到模型类Admin\Model\LinksModel
NOTIC: D方法实例化没找到模型类portal\Model\PostsModel

[ 2016-07-28T09:30:36+08:00 ] 127.0.0.1 /thinkcmf/
NOTIC: D方法实例化没找到模型类Admin\Model\LinksModel
NOTIC: D方法实例化没找到模型类portal\Model\PostsModel

[ 2016-07-28T09:33:33+08:00 ] 127.0.0.1 /thinkcmf/
NOTIC: D方法实例化没找到模型类Admin\Model\LinksModel
NOTIC: D方法实例化没找到模型类portal\Model\PostsModel

[ 2016-07-28T09:34:38+08:00 ] 127.0.0.1 /thinkcmf/
NOTIC: D方法实例化没找到模型类Admin\Model\LinksModel
NOTIC: D方法实例化没找到模型类portal\Model\PostsModel

[ 2016-07-28T09:34:47+08:00 ] 127.0.0.1 /thinkcmf/
NOTIC: D方法实例化没找到模型类Admin\Model\LinksModel
NOTIC: D方法实例化没找到模型类portal\Model\PostsModel

[ 2016-07-28T09:34:47+08:00 ] 127.0.0.1 /thinkcmf/
NOTIC: D方法实例化没找到模型类Admin\Model\LinksModel
NOTIC: D方法实例化没找到模型类portal\Model\PostsModel

[ 2016-07-28T09:34:48+08:00 ] 127.0.0.1 /thinkcmf/index.php?g=portal&m=index&a=domain
NOTIC: D方法实例化没找到模型类Portal\Model\PostsModel

[ 2016-07-28T09:34:48+08:00 ] 127.0.0.1 /thinkcmf/index.php?g=portal&m=index&a=article
NOTIC: D方法实例化没找到模型类Portal\Model\PostsModel

[ 2016-07-28T09:34:49+08:00 ] 127.0.0.1 /thinkcmf/index.php?g=portal&m=index&a=va
NOTIC: D方法实例化没找到模型类portal\Model\PostsModel

[ 2016-07-28T09:35:03+08:00 ] 127.0.0.1 /thinkcmf/
NOTIC: D方法实例化没找到模型类Admin\Model\LinksModel
NOTIC: D方法实例化没找到模型类portal\Model\PostsModel

[ 2016-07-28T09:35:51+08:00 ] 127.0.0.1 /thinkcmf/index.php?g=&m=AdminPost&a=delete
INFO: [ app_begin ] --START--
INFO: Run Behavior\ReadHtmlCacheBehavior [ RunTime:0.001000s ]
INFO: Run Behavior\CheckLangBehavior [ RunTime:0.001000s ]
INFO: [ app_begin ] --END-- [ RunTime:0.002000s ]
SQL: SHOW COLUMNS FROM `ty_users` [ RunTime:0.0030s ]
SQL: SELECT * FROM `ty_users` WHERE ( id=1 ) LIMIT 1   [ RunTime:0.0000s ]
NOTIC: D方法实例化没找到模型类Portal\Model\PostsModel
SQL: SHOW COLUMNS FROM `ty_posts` [ RunTime:0.0030s ]
SQL: SHOW COLUMNS FROM `ty_terms` [ RunTime:0.0020s ]
SQL: SHOW COLUMNS FROM `ty_term_relationships` [ RunTime:0.0020s ]
SQL: UPDATE `ty_term_relationships` SET `status`='0' WHERE ( tid in (44,43) ) [ RunTime:0.0000s ]

[ 2016-07-28T09:35:51+08:00 ] 127.0.0.1 /thinkcmf/index.php?g=&m=AdminPost&a=index
NOTIC: D方法实例化没找到模型类Portal\Model\PostsModel

[ 2016-07-28T09:36:01+08:00 ] 127.0.0.1 /thinkcmf/
NOTIC: D方法实例化没找到模型类Admin\Model\LinksModel
NOTIC: D方法实例化没找到模型类portal\Model\PostsModel

[ 2016-07-28T09:46:27+08:00 ] 127.0.0.1 /thinkcmf/
NOTIC: D方法实例化没找到模型类Admin\Model\LinksModel
NOTIC: D方法实例化没找到模型类portal\Model\PostsModel

[ 2016-07-28T10:08:19+08:00 ] 127.0.0.1 /thinkcmf/index.php?g=portal&m=index&a=va
NOTIC: D方法实例化没找到模型类portal\Model\PostsModel

[ 2016-07-28T11:33:06+08:00 ] 127.0.0.1 /thinkcmf/
NOTIC: D方法实例化没找到模型类Admin\Model\LinksModel
NOTIC: D方法实例化没找到模型类portal\Model\PostsModel

[ 2016-07-28T11:33:22+08:00 ] 127.0.0.1 /thinkcmf/
NOTIC: D方法实例化没找到模型类Admin\Model\LinksModel
NOTIC: D方法实例化没找到模型类portal\Model\PostsModel

[ 2016-07-28T13:32:15+08:00 ] ::1 /thinkcmf/
NOTIC: D方法实例化没找到模型类Admin\Model\LinksModel
NOTIC: D方法实例化没找到模型类portal\Model\PostsModel

[ 2016-07-28T13:32:25+08:00 ] ::1 /thinkcmf/index.php?g=portal&m=index&a=domain
NOTIC: D方法实例化没找到模型类Portal\Model\PostsModel

[ 2016-07-28T13:32:42+08:00 ] ::1 /thinkcmf/index.php?g=portal&m=index&a=va
NOTIC: D方法实例化没找到模型类portal\Model\PostsModel

[ 2016-07-28T13:32:47+08:00 ] ::1 /thinkcmf/index.php?g=portal&m=index&a=article
NOTIC: D方法实例化没找到模型类Portal\Model\PostsModel

[ 2016-07-28T13:32:51+08:00 ] ::1 /thinkcmf/index.php?g=portal&m=index&a=domain
NOTIC: D方法实例化没找到模型类Portal\Model\PostsModel

[ 2016-07-28T13:32:52+08:00 ] ::1 /thinkcmf/index.php?g=portal&m=index&a=domain
NOTIC: D方法实例化没找到模型类Portal\Model\PostsModel

[ 2016-07-28T13:32:53+08:00 ] ::1 /thinkcmf/
NOTIC: D方法实例化没找到模型类Admin\Model\LinksModel
NOTIC: D方法实例化没找到模型类portal\Model\PostsModel

[ 2016-07-28T13:33:56+08:00 ] ::1 /thinkcmf/
NOTIC: D方法实例化没找到模型类Admin\Model\LinksModel
NOTIC: D方法实例化没找到模型类portal\Model\PostsModel

[ 2016-07-28T13:46:48+08:00 ] ::1 /thinkcmf/
NOTIC: D方法实例化没找到模型类Admin\Model\LinksModel
NOTIC: D方法实例化没找到模型类portal\Model\PostsModel

[ 2016-07-28T13:46:51+08:00 ] ::1 /thinkcmf/
NOTIC: D方法实例化没找到模型类Admin\Model\LinksModel
NOTIC: D方法实例化没找到模型类portal\Model\PostsModel

[ 2016-07-28T13:48:38+08:00 ] ::1 /thinkcmf/
NOTIC: D方法实例化没找到模型类Admin\Model\LinksModel
NOTIC: D方法实例化没找到模型类portal\Model\PostsModel

[ 2016-07-28T13:48:38+08:00 ] ::1 /thinkcmf/
NOTIC: D方法实例化没找到模型类Admin\Model\LinksModel
NOTIC: D方法实例化没找到模型类portal\Model\PostsModel

[ 2016-07-28T13:48:38+08:00 ] ::1 /thinkcmf/
NOTIC: D方法实例化没找到模型类Admin\Model\LinksModel
NOTIC: D方法实例化没找到模型类portal\Model\PostsModel

[ 2016-07-28T13:48:38+08:00 ] ::1 /thinkcmf/
NOTIC: D方法实例化没找到模型类Admin\Model\LinksModel
NOTIC: D方法实例化没找到模型类portal\Model\PostsModel

[ 2016-07-28T13:48:38+08:00 ] ::1 /thinkcmf/
NOTIC: D方法实例化没找到模型类Admin\Model\LinksModel
NOTIC: D方法实例化没找到模型类portal\Model\PostsModel

[ 2016-07-28T15:03:24+08:00 ] ::1 /thinkcmf/
NOTIC: D方法实例化没找到模型类Admin\Model\LinksModel
NOTIC: D方法实例化没找到模型类portal\Model\PostsModel

[ 2016-07-28T15:24:43+08:00 ] ::1 /thinkcmf/
NOTIC: D方法实例化没找到模型类Admin\Model\LinksModel
NOTIC: D方法实例化没找到模型类portal\Model\PostsModel

[ 2016-07-28T15:24:57+08:00 ] ::1 /thinkcmf/
NOTIC: D方法实例化没找到模型类Admin\Model\LinksModel
NOTIC: D方法实例化没找到模型类portal\Model\PostsModel

[ 2016-07-28T15:26:02+08:00 ] ::1 /thinkcmf/
NOTIC: D方法实例化没找到模型类Admin\Model\LinksModel
NOTIC: D方法实例化没找到模型类portal\Model\PostsModel

[ 2016-07-28T15:26:03+08:00 ] ::1 /thinkcmf/
NOTIC: D方法实例化没找到模型类Admin\Model\LinksModel
NOTIC: D方法实例化没找到模型类portal\Model\PostsModel

[ 2016-07-28T15:26:03+08:00 ] ::1 /thinkcmf/
NOTIC: D方法实例化没找到模型类Admin\Model\LinksModel
NOTIC: D方法实例化没找到模型类portal\Model\PostsModel

[ 2016-07-28T15:26:03+08:00 ] ::1 /thinkcmf/
NOTIC: D方法实例化没找到模型类Admin\Model\LinksModel
NOTIC: D方法实例化没找到模型类portal\Model\PostsModel

[ 2016-07-28T15:26:20+08:00 ] ::1 /thinkcmf/
NOTIC: D方法实例化没找到模型类Admin\Model\LinksModel
NOTIC: D方法实例化没找到模型类portal\Model\PostsModel

[ 2016-07-28T15:26:32+08:00 ] ::1 /thinkcmf/
NOTIC: D方法实例化没找到模型类Admin\Model\LinksModel
NOTIC: D方法实例化没找到模型类portal\Model\PostsModel

[ 2016-07-28T15:26:45+08:00 ] ::1 /thinkcmf/
NOTIC: D方法实例化没找到模型类Admin\Model\LinksModel
NOTIC: D方法实例化没找到模型类portal\Model\PostsModel

[ 2016-07-28T15:27:03+08:00 ] ::1 /thinkcmf/
NOTIC: D方法实例化没找到模型类Admin\Model\LinksModel
NOTIC: D方法实例化没找到模型类portal\Model\PostsModel

[ 2016-07-28T15:27:10+08:00 ] ::1 /thinkcmf/
NOTIC: D方法实例化没找到模型类Admin\Model\LinksModel
NOTIC: D方法实例化没找到模型类portal\Model\PostsModel

[ 2016-07-28T15:27:20+08:00 ] ::1 /thinkcmf/
NOTIC: D方法实例化没找到模型类Admin\Model\LinksModel
NOTIC: D方法实例化没找到模型类portal\Model\PostsModel

[ 2016-07-28T15:27:22+08:00 ] ::1 /thinkcmf/
NOTIC: D方法实例化没找到模型类Admin\Model\LinksModel
NOTIC: D方法实例化没找到模型类portal\Model\PostsModel

[ 2016-07-28T15:27:22+08:00 ] ::1 /thinkcmf/
NOTIC: D方法实例化没找到模型类Admin\Model\LinksModel
NOTIC: D方法实例化没找到模型类portal\Model\PostsModel

[ 2016-07-28T15:27:23+08:00 ] ::1 /thinkcmf/
NOTIC: D方法实例化没找到模型类Admin\Model\LinksModel
NOTIC: D方法实例化没找到模型类portal\Model\PostsModel

[ 2016-07-28T15:27:23+08:00 ] ::1 /thinkcmf/
NOTIC: D方法实例化没找到模型类Admin\Model\LinksModel
NOTIC: D方法实例化没找到模型类portal\Model\PostsModel

[ 2016-07-28T15:27:24+08:00 ] ::1 /thinkcmf/
NOTIC: D方法实例化没找到模型类Admin\Model\LinksModel
NOTIC: D方法实例化没找到模型类portal\Model\PostsModel

[ 2016-07-28T15:28:07+08:00 ] ::1 /thinkcmf/
NOTIC: D方法实例化没找到模型类Admin\Model\LinksModel
NOTIC: D方法实例化没找到模型类portal\Model\PostsModel

[ 2016-07-28T15:31:32+08:00 ] ::1 /thinkcmf/
NOTIC: D方法实例化没找到模型类Admin\Model\LinksModel
NOTIC: D方法实例化没找到模型类portal\Model\PostsModel

[ 2016-07-28T15:32:45+08:00 ] ::1 /thinkcmf/
NOTIC: D方法实例化没找到模型类Admin\Model\LinksModel
NOTIC: D方法实例化没找到模型类portal\Model\PostsModel

[ 2016-07-28T15:32:46+08:00 ] ::1 /thinkcmf/
NOTIC: D方法实例化没找到模型类Admin\Model\LinksModel
NOTIC: D方法实例化没找到模型类portal\Model\PostsModel

[ 2016-07-28T15:32:46+08:00 ] ::1 /thinkcmf/
NOTIC: D方法实例化没找到模型类Admin\Model\LinksModel
NOTIC: D方法实例化没找到模型类portal\Model\PostsModel

[ 2016-07-28T15:32:46+08:00 ] ::1 /thinkcmf/
NOTIC: D方法实例化没找到模型类Admin\Model\LinksModel
NOTIC: D方法实例化没找到模型类portal\Model\PostsModel

[ 2016-07-28T15:32:47+08:00 ] ::1 /thinkcmf/
NOTIC: D方法实例化没找到模型类Admin\Model\LinksModel
NOTIC: D方法实例化没找到模型类portal\Model\PostsModel

[ 2016-07-28T15:33:57+08:00 ] ::1 /thinkcmf/
NOTIC: D方法实例化没找到模型类Admin\Model\LinksModel
NOTIC: D方法实例化没找到模型类portal\Model\PostsModel

[ 2016-07-28T15:33:58+08:00 ] ::1 /thinkcmf/
NOTIC: D方法实例化没找到模型类Admin\Model\LinksModel
NOTIC: D方法实例化没找到模型类portal\Model\PostsModel

[ 2016-07-28T15:33:59+08:00 ] ::1 /thinkcmf/
NOTIC: D方法实例化没找到模型类Admin\Model\LinksModel
NOTIC: D方法实例化没找到模型类portal\Model\PostsModel

[ 2016-07-28T15:33:59+08:00 ] ::1 /thinkcmf/
NOTIC: D方法实例化没找到模型类Admin\Model\LinksModel
NOTIC: D方法实例化没找到模型类portal\Model\PostsModel

[ 2016-07-28T15:33:59+08:00 ] ::1 /thinkcmf/
NOTIC: D方法实例化没找到模型类Admin\Model\LinksModel
NOTIC: D方法实例化没找到模型类portal\Model\PostsModel

[ 2016-07-28T15:33:59+08:00 ] ::1 /thinkcmf/
NOTIC: D方法实例化没找到模型类Admin\Model\LinksModel
NOTIC: D方法实例化没找到模型类portal\Model\PostsModel

[ 2016-07-28T15:33:59+08:00 ] ::1 /thinkcmf/
NOTIC: D方法实例化没找到模型类Admin\Model\LinksModel
NOTIC: D方法实例化没找到模型类portal\Model\PostsModel

[ 2016-07-28T15:33:59+08:00 ] ::1 /thinkcmf/
NOTIC: D方法实例化没找到模型类Admin\Model\LinksModel
NOTIC: D方法实例化没找到模型类portal\Model\PostsModel

[ 2016-07-28T15:34:00+08:00 ] ::1 /thinkcmf/
NOTIC: D方法实例化没找到模型类Admin\Model\LinksModel
NOTIC: D方法实例化没找到模型类portal\Model\PostsModel

[ 2016-07-28T15:34:00+08:00 ] ::1 /thinkcmf/
NOTIC: D方法实例化没找到模型类Admin\Model\LinksModel
NOTIC: D方法实例化没找到模型类portal\Model\PostsModel

[ 2016-07-28T15:34:00+08:00 ] ::1 /thinkcmf/
NOTIC: D方法实例化没找到模型类Admin\Model\LinksModel
NOTIC: D方法实例化没找到模型类portal\Model\PostsModel

[ 2016-07-28T15:34:00+08:00 ] ::1 /thinkcmf/
NOTIC: D方法实例化没找到模型类Admin\Model\LinksModel
NOTIC: D方法实例化没找到模型类portal\Model\PostsModel

[ 2016-07-28T15:34:00+08:00 ] ::1 /thinkcmf/
NOTIC: D方法实例化没找到模型类Admin\Model\LinksModel
NOTIC: D方法实例化没找到模型类portal\Model\PostsModel

[ 2016-07-28T15:34:00+08:00 ] ::1 /thinkcmf/
NOTIC: D方法实例化没找到模型类Admin\Model\LinksModel
NOTIC: D方法实例化没找到模型类portal\Model\PostsModel

[ 2016-07-28T15:34:01+08:00 ] ::1 /thinkcmf/
NOTIC: D方法实例化没找到模型类Admin\Model\LinksModel
NOTIC: D方法实例化没找到模型类portal\Model\PostsModel

[ 2016-07-28T15:34:01+08:00 ] ::1 /thinkcmf/
NOTIC: D方法实例化没找到模型类Admin\Model\LinksModel
NOTIC: D方法实例化没找到模型类portal\Model\PostsModel

[ 2016-07-28T15:34:01+08:00 ] ::1 /thinkcmf/
NOTIC: D方法实例化没找到模型类Admin\Model\LinksModel
NOTIC: D方法实例化没找到模型类portal\Model\PostsModel

[ 2016-07-28T15:34:01+08:00 ] ::1 /thinkcmf/
NOTIC: D方法实例化没找到模型类Admin\Model\LinksModel
NOTIC: D方法实例化没找到模型类portal\Model\PostsModel

[ 2016-07-28T15:34:01+08:00 ] ::1 /thinkcmf/
NOTIC: D方法实例化没找到模型类Admin\Model\LinksModel
NOTIC: D方法实例化没找到模型类portal\Model\PostsModel

[ 2016-07-28T15:34:01+08:00 ] ::1 /thinkcmf/
NOTIC: D方法实例化没找到模型类Admin\Model\LinksModel
NOTIC: D方法实例化没找到模型类portal\Model\PostsModel

[ 2016-07-28T15:34:01+08:00 ] ::1 /thinkcmf/
NOTIC: D方法实例化没找到模型类Admin\Model\LinksModel
NOTIC: D方法实例化没找到模型类portal\Model\PostsModel

[ 2016-07-28T15:34:02+08:00 ] ::1 /thinkcmf/
NOTIC: D方法实例化没找到模型类Admin\Model\LinksModel
NOTIC: D方法实例化没找到模型类portal\Model\PostsModel

[ 2016-07-28T15:34:03+08:00 ] ::1 /thinkcmf/
NOTIC: D方法实例化没找到模型类Admin\Model\LinksModel
NOTIC: D方法实例化没找到模型类portal\Model\PostsModel

[ 2016-07-28T15:34:35+08:00 ] ::1 /thinkcmf/
NOTIC: D方法实例化没找到模型类Admin\Model\LinksModel
NOTIC: D方法实例化没找到模型类portal\Model\PostsModel

[ 2016-07-28T15:35:33+08:00 ] ::1 /thinkcmf/
NOTIC: D方法实例化没找到模型类Admin\Model\LinksModel
NOTIC: D方法实例化没找到模型类portal\Model\PostsModel

[ 2016-07-28T15:36:14+08:00 ] ::1 /thinkcmf/
NOTIC: D方法实例化没找到模型类Admin\Model\LinksModel
NOTIC: D方法实例化没找到模型类portal\Model\PostsModel

[ 2016-07-28T15:36:23+08:00 ] ::1 /thinkcmf/
NOTIC: D方法实例化没找到模型类Admin\Model\LinksModel
NOTIC: D方法实例化没找到模型类portal\Model\PostsModel

[ 2016-07-28T15:37:06+08:00 ] ::1 /thinkcmf/
NOTIC: D方法实例化没找到模型类Admin\Model\LinksModel
NOTIC: D方法实例化没找到模型类portal\Model\PostsModel

[ 2016-07-28T15:37:11+08:00 ] ::1 /thinkcmf/
NOTIC: D方法实例化没找到模型类Admin\Model\LinksModel
NOTIC: D方法实例化没找到模型类portal\Model\PostsModel

[ 2016-07-28T15:39:12+08:00 ] ::1 /thinkcmf/
NOTIC: D方法实例化没找到模型类Admin\Model\LinksModel
NOTIC: D方法实例化没找到模型类portal\Model\PostsModel

[ 2016-07-28T15:40:58+08:00 ] ::1 /thinkcmf/
NOTIC: D方法实例化没找到模型类Admin\Model\LinksModel
NOTIC: D方法实例化没找到模型类portal\Model\PostsModel

[ 2016-07-28T15:43:15+08:00 ] ::1 /thinkcmf/
NOTIC: D方法实例化没找到模型类Admin\Model\LinksModel
NOTIC: D方法实例化没找到模型类portal\Model\PostsModel

[ 2016-07-28T15:44:53+08:00 ] ::1 /thinkcmf/
NOTIC: D方法实例化没找到模型类Admin\Model\LinksModel
NOTIC: D方法实例化没找到模型类portal\Model\PostsModel

[ 2016-07-28T15:45:16+08:00 ] ::1 /thinkcmf/
NOTIC: D方法实例化没找到模型类Admin\Model\LinksModel
NOTIC: D方法实例化没找到模型类portal\Model\PostsModel

[ 2016-07-28T15:45:35+08:00 ] ::1 /thinkcmf/
NOTIC: D方法实例化没找到模型类Admin\Model\LinksModel
NOTIC: D方法实例化没找到模型类portal\Model\PostsModel

[ 2016-07-28T15:45:48+08:00 ] ::1 /thinkcmf/
NOTIC: D方法实例化没找到模型类Admin\Model\LinksModel
NOTIC: D方法实例化没找到模型类portal\Model\PostsModel

[ 2016-07-28T15:51:26+08:00 ] ::1 /thinkcmf/
NOTIC: D方法实例化没找到模型类Admin\Model\LinksModel
NOTIC: D方法实例化没找到模型类portal\Model\PostsModel

[ 2016-07-28T15:51:52+08:00 ] ::1 /thinkcmf/
NOTIC: D方法实例化没找到模型类Admin\Model\LinksModel
NOTIC: D方法实例化没找到模型类portal\Model\PostsModel

[ 2016-07-28T15:52:00+08:00 ] ::1 /thinkcmf/
NOTIC: D方法实例化没找到模型类Admin\Model\LinksModel
NOTIC: D方法实例化没找到模型类portal\Model\PostsModel

[ 2016-07-28T15:52:11+08:00 ] ::1 /thinkcmf/
NOTIC: D方法实例化没找到模型类Admin\Model\LinksModel
NOTIC: D方法实例化没找到模型类portal\Model\PostsModel

[ 2016-07-28T15:52:45+08:00 ] ::1 /thinkcmf/
NOTIC: D方法实例化没找到模型类Admin\Model\LinksModel
NOTIC: D方法实例化没找到模型类portal\Model\PostsModel

[ 2016-07-28T15:52:48+08:00 ] ::1 /thinkcmf/
NOTIC: D方法实例化没找到模型类Admin\Model\LinksModel
NOTIC: D方法实例化没找到模型类portal\Model\PostsModel

[ 2016-07-28T15:52:48+08:00 ] ::1 /thinkcmf/
NOTIC: D方法实例化没找到模型类Admin\Model\LinksModel
NOTIC: D方法实例化没找到模型类portal\Model\PostsModel

[ 2016-07-28T15:52:48+08:00 ] ::1 /thinkcmf/
NOTIC: D方法实例化没找到模型类Admin\Model\LinksModel
NOTIC: D方法实例化没找到模型类portal\Model\PostsModel

[ 2016-07-28T15:52:48+08:00 ] ::1 /thinkcmf/
NOTIC: D方法实例化没找到模型类Admin\Model\LinksModel
NOTIC: D方法实例化没找到模型类portal\Model\PostsModel

[ 2016-07-28T15:52:49+08:00 ] ::1 /thinkcmf/
NOTIC: D方法实例化没找到模型类Admin\Model\LinksModel
NOTIC: D方法实例化没找到模型类portal\Model\PostsModel

[ 2016-07-28T15:52:49+08:00 ] ::1 /thinkcmf/
NOTIC: D方法实例化没找到模型类Admin\Model\LinksModel
NOTIC: D方法实例化没找到模型类portal\Model\PostsModel

[ 2016-07-28T15:52:49+08:00 ] ::1 /thinkcmf/
NOTIC: D方法实例化没找到模型类Admin\Model\LinksModel
NOTIC: D方法实例化没找到模型类portal\Model\PostsModel

[ 2016-07-28T15:52:50+08:00 ] ::1 /thinkcmf/
NOTIC: D方法实例化没找到模型类Admin\Model\LinksModel
NOTIC: D方法实例化没找到模型类portal\Model\PostsModel

[ 2016-07-28T15:53:21+08:00 ] ::1 /thinkcmf/
NOTIC: D方法实例化没找到模型类Admin\Model\LinksModel
NOTIC: D方法实例化没找到模型类portal\Model\PostsModel

[ 2016-07-28T15:53:25+08:00 ] ::1 /thinkcmf/
NOTIC: D方法实例化没找到模型类Admin\Model\LinksModel
NOTIC: D方法实例化没找到模型类portal\Model\PostsModel

[ 2016-07-28T15:53:25+08:00 ] ::1 /thinkcmf/
NOTIC: D方法实例化没找到模型类Admin\Model\LinksModel
NOTIC: D方法实例化没找到模型类portal\Model\PostsModel

[ 2016-07-28T15:53:25+08:00 ] ::1 /thinkcmf/
NOTIC: D方法实例化没找到模型类Admin\Model\LinksModel
NOTIC: D方法实例化没找到模型类portal\Model\PostsModel

[ 2016-07-28T15:53:26+08:00 ] ::1 /thinkcmf/
NOTIC: D方法实例化没找到模型类Admin\Model\LinksModel
NOTIC: D方法实例化没找到模型类portal\Model\PostsModel

[ 2016-07-28T15:53:26+08:00 ] ::1 /thinkcmf/
NOTIC: D方法实例化没找到模型类Admin\Model\LinksModel
NOTIC: D方法实例化没找到模型类portal\Model\PostsModel

[ 2016-07-28T15:53:48+08:00 ] ::1 /thinkcmf/
NOTIC: D方法实例化没找到模型类Admin\Model\LinksModel
NOTIC: D方法实例化没找到模型类portal\Model\PostsModel

[ 2016-07-28T15:53:57+08:00 ] ::1 /thinkcmf/
NOTIC: D方法实例化没找到模型类Admin\Model\LinksModel
NOTIC: D方法实例化没找到模型类portal\Model\PostsModel

[ 2016-07-28T16:03:32+08:00 ] ::1 /thinkcmf/index.php?g=&m=Index&a=index
NOTIC: D方法实例化没找到模型类Admin\Model\LinksModel
NOTIC: D方法实例化没找到模型类portal\Model\PostsModel

[ 2016-07-28T16:03:35+08:00 ] ::1 /thinkcmf/index.php?g=&m=Index&a=index
NOTIC: D方法实例化没找到模型类Admin\Model\LinksModel
NOTIC: D方法实例化没找到模型类portal\Model\PostsModel

[ 2016-07-28T16:03:38+08:00 ] ::1 /thinkcmf/
NOTIC: D方法实例化没找到模型类Admin\Model\LinksModel
NOTIC: D方法实例化没找到模型类portal\Model\PostsModel

[ 2016-07-28T16:04:59+08:00 ] ::1 /thinkcmf/
NOTIC: D方法实例化没找到模型类Admin\Model\LinksModel
NOTIC: D方法实例化没找到模型类portal\Model\PostsModel

[ 2016-07-28T16:08:04+08:00 ] ::1 /thinkcmf/
NOTIC: D方法实例化没找到模型类Admin\Model\LinksModel
NOTIC: D方法实例化没找到模型类portal\Model\PostsModel

[ 2016-07-28T16:22:41+08:00 ] ::1 /thinkcmf/
NOTIC: D方法实例化没找到模型类Admin\Model\LinksModel
NOTIC: D方法实例化没找到模型类portal\Model\PostsModel

[ 2016-07-28T16:27:48+08:00 ] ::1 /thinkcmf/
NOTIC: D方法实例化没找到模型类Admin\Model\LinksModel
NOTIC: D方法实例化没找到模型类portal\Model\PostsModel

[ 2016-07-28T16:28:03+08:00 ] ::1 /thinkcmf/index.php?g=Portal&m=Index&a=index&p=2
NOTIC: D方法实例化没找到模型类Admin\Model\LinksModel
NOTIC: D方法实例化没找到模型类portal\Model\PostsModel

[ 2016-07-28T16:28:26+08:00 ] ::1 /thinkcmf/index.php?g=Portal&m=Index&a=index&p=2
NOTIC: D方法实例化没找到模型类Admin\Model\LinksModel
NOTIC: D方法实例化没找到模型类portal\Model\PostsModel

[ 2016-07-28T16:28:28+08:00 ] ::1 /thinkcmf/index.php?g=Portal&m=Index&a=index&p=3
NOTIC: D方法实例化没找到模型类Admin\Model\LinksModel
NOTIC: D方法实例化没找到模型类portal\Model\PostsModel

[ 2016-07-28T16:28:31+08:00 ] ::1 /thinkcmf/index.php?g=Portal&m=Index&a=index&p=4
NOTIC: D方法实例化没找到模型类Admin\Model\LinksModel
NOTIC: D方法实例化没找到模型类portal\Model\PostsModel

[ 2016-07-28T16:29:35+08:00 ] ::1 /thinkcmf/index.php?g=Portal&m=Index&a=index&p=4
NOTIC: D方法实例化没找到模型类Admin\Model\LinksModel
NOTIC: D方法实例化没找到模型类portal\Model\PostsModel

[ 2016-07-28T16:29:35+08:00 ] ::1 /thinkcmf/index.php?g=Portal&m=Index&a=index&p=4
NOTIC: D方法实例化没找到模型类Admin\Model\LinksModel
NOTIC: D方法实例化没找到模型类portal\Model\PostsModel

[ 2016-07-28T16:29:35+08:00 ] ::1 /thinkcmf/index.php?g=Portal&m=Index&a=index&p=4
NOTIC: D方法实例化没找到模型类Admin\Model\LinksModel
NOTIC: D方法实例化没找到模型类portal\Model\PostsModel

[ 2016-07-28T16:33:50+08:00 ] ::1 /thinkcmf/index.php?g=portal&m=index&a=va
NOTIC: D方法实例化没找到模型类portal\Model\PostsModel

[ 2016-07-28T16:33:51+08:00 ] ::1 /thinkcmf/index.php?g=portal&m=index&a=article
NOTIC: D方法实例化没找到模型类Portal\Model\PostsModel

[ 2016-07-28T16:33:55+08:00 ] ::1 /thinkcmf/index.php?g=portal&m=index&a=domain
NOTIC: D方法实例化没找到模型类Portal\Model\PostsModel

[ 2016-07-28T16:33:59+08:00 ] ::1 /thinkcmf/index.php?g=Portal&m=Index&a=domain&p=2
NOTIC: D方法实例化没找到模型类Portal\Model\PostsModel

[ 2016-07-28T16:34:00+08:00 ] ::1 /thinkcmf/index.php?g=Portal&m=Index&a=domain&p=3
NOTIC: D方法实例化没找到模型类Portal\Model\PostsModel

[ 2016-07-28T16:34:01+08:00 ] ::1 /thinkcmf/index.php?g=Portal&m=Index&a=domain&p=4
NOTIC: D方法实例化没找到模型类Portal\Model\PostsModel

[ 2016-07-28T16:34:02+08:00 ] ::1 /thinkcmf/index.php?g=Portal&m=Index&a=domain&p=5
NOTIC: D方法实例化没找到模型类Portal\Model\PostsModel

[ 2016-07-28T16:34:03+08:00 ] ::1 /thinkcmf/index.php?g=Portal&m=Index&a=domain&p=1
NOTIC: D方法实例化没找到模型类Portal\Model\PostsModel

[ 2016-07-28T16:34:34+08:00 ] ::1 /thinkcmf/index.php?g=Portal&m=Index&a=domain&p=1
NOTIC: D方法实例化没找到模型类Portal\Model\PostsModel

[ 2016-07-28T16:34:35+08:00 ] ::1 /thinkcmf/index.php?g=Portal&m=Index&a=domain&p=1
NOTIC: D方法实例化没找到模型类Portal\Model\PostsModel

[ 2016-07-28T16:34:35+08:00 ] ::1 /thinkcmf/index.php?g=Portal&m=Index&a=domain&p=1
NOTIC: D方法实例化没找到模型类Portal\Model\PostsModel

[ 2016-07-28T16:34:36+08:00 ] ::1 /thinkcmf/index.php?g=Portal&m=Index&a=domain&p=1
NOTIC: D方法实例化没找到模型类Portal\Model\PostsModel

[ 2016-07-28T16:34:36+08:00 ] ::1 /thinkcmf/index.php?g=Portal&m=Index&a=domain&p=1
NOTIC: D方法实例化没找到模型类Portal\Model\PostsModel

[ 2016-07-28T16:34:36+08:00 ] ::1 /thinkcmf/index.php?g=Portal&m=Index&a=domain&p=1
NOTIC: D方法实例化没找到模型类Portal\Model\PostsModel

[ 2016-07-28T16:34:36+08:00 ] ::1 /thinkcmf/index.php?g=Portal&m=Index&a=domain&p=1
NOTIC: D方法实例化没找到模型类Portal\Model\PostsModel

[ 2016-07-28T16:34:39+08:00 ] ::1 /thinkcmf/index.php?g=Portal&m=Index&a=domain&p=1
NOTIC: D方法实例化没找到模型类Portal\Model\PostsModel

[ 2016-07-28T16:34:39+08:00 ] ::1 /thinkcmf/index.php?g=Portal&m=Index&a=domain&p=1
NOTIC: D方法实例化没找到模型类Portal\Model\PostsModel

[ 2016-07-28T16:34:40+08:00 ] ::1 /thinkcmf/index.php?g=Portal&m=Index&a=domain&p=1
NOTIC: D方法实例化没找到模型类Portal\Model\PostsModel

[ 2016-07-28T16:34:40+08:00 ] ::1 /thinkcmf/index.php?g=Portal&m=Index&a=domain&p=1
NOTIC: D方法实例化没找到模型类Portal\Model\PostsModel

[ 2016-07-28T16:34:40+08:00 ] ::1 /thinkcmf/index.php?g=Portal&m=Index&a=domain&p=1
NOTIC: D方法实例化没找到模型类Portal\Model\PostsModel

[ 2016-07-28T16:34:41+08:00 ] ::1 /thinkcmf/index.php?g=Portal&m=Index&a=domain&p=1
NOTIC: D方法实例化没找到模型类Portal\Model\PostsModel

[ 2016-07-28T16:34:41+08:00 ] ::1 /thinkcmf/index.php?g=Portal&m=Index&a=domain&p=1
NOTIC: D方法实例化没找到模型类Portal\Model\PostsModel

[ 2016-07-28T16:37:26+08:00 ] ::1 /thinkcmf/index.php?g=Portal&m=Index&a=domain&p=2
NOTIC: D方法实例化没找到模型类Portal\Model\PostsModel

[ 2016-07-28T16:37:29+08:00 ] ::1 /thinkcmf/index.php?g=Portal&m=Index&a=domain&p=2
NOTIC: D方法实例化没找到模型类Portal\Model\PostsModel

[ 2016-07-28T16:37:29+08:00 ] ::1 /thinkcmf/index.php?g=Portal&m=Index&a=domain&p=2
NOTIC: D方法实例化没找到模型类Portal\Model\PostsModel

[ 2016-07-28T16:37:31+08:00 ] ::1 /thinkcmf/
NOTIC: D方法实例化没找到模型类Admin\Model\LinksModel
NOTIC: D方法实例化没找到模型类portal\Model\PostsModel

[ 2016-07-28T16:37:44+08:00 ] ::1 /thinkcmf/
NOTIC: D方法实例化没找到模型类Admin\Model\LinksModel
NOTIC: D方法实例化没找到模型类portal\Model\PostsModel

[ 2016-07-28T16:37:50+08:00 ] ::1 /thinkcmf/
NOTIC: D方法实例化没找到模型类Admin\Model\LinksModel
NOTIC: D方法实例化没找到模型类portal\Model\PostsModel

[ 2016-07-28T16:37:50+08:00 ] ::1 /thinkcmf/index.php?g=portal&m=index&a=domain
NOTIC: D方法实例化没找到模型类Portal\Model\PostsModel

[ 2016-07-28T16:37:52+08:00 ] ::1 /thinkcmf/index.php?g=portal&m=index&a=article
NOTIC: D方法实例化没找到模型类Portal\Model\PostsModel

[ 2016-07-28T16:37:56+08:00 ] ::1 /thinkcmf/index.php?g=portal&m=index&a=va
NOTIC: D方法实例化没找到模型类portal\Model\PostsModel

[ 2016-07-28T16:49:00+08:00 ] 127.0.0.1 /thinkcmf/index.php?g=Portal&m=AdminPost&a=index&menuid=7
NOTIC: D方法实例化没找到模型类Portal\Model\PostsModel

[ 2016-07-28T16:49:01+08:00 ] 127.0.0.1 /thinkcmf/index.php?g=&m=AdminPost&a=add&term=
NOTIC: D方法实例化没找到模型类Portal\Model\PostsModel

[ 2016-07-28T16:49:13+08:00 ] 127.0.0.1 /thinkcmf/index.php?g=&m=AdminPost&a=add_post
INFO: [ app_begin ] --START--
INFO: Run Behavior\ReadHtmlCacheBehavior [ RunTime:0.000000s ]
INFO: Run Behavior\CheckLangBehavior [ RunTime:0.001000s ]
INFO: [ app_begin ] --END-- [ RunTime:0.002000s ]
SQL: SHOW COLUMNS FROM `ty_users` [ RunTime:0.0030s ]
SQL: SELECT * FROM `ty_users` WHERE ( id=1 ) LIMIT 1   [ RunTime:0.0000s ]
NOTIC: D方法实例化没找到模型类Portal\Model\PostsModel
SQL: SHOW COLUMNS FROM `ty_posts` [ RunTime:0.0030s ]
SQL: SHOW COLUMNS FROM `ty_terms` [ RunTime:0.0030s ]
SQL: SHOW COLUMNS FROM `ty_term_relationships` [ RunTime:0.0010s ]
SQL: INSERT INTO `ty_posts` (`post_title`,`post_keywords`,`post_source`,`post_excerpt`,`post_modified`,`post_status`,`istop`,`recommended`,`post_content`,`post_date`,`post_author`,`smeta`) VALUES ('给发个梵蒂冈','电饭锅电饭锅','的鬼地方','的规定发给对方','2016-07-28 16:49:01','1','0','0','<p>的GV豆腐干豆腐<br/></p>','2016-07-28 16:49:13','1','{\"thumb\":\"\"}') [ RunTime:0.0000s ]
SQL: INSERT INTO `ty_term_relationships` (`term_id`,`object_id`) VALUES ('21','42') [ RunTime:0.0010s ]

[ 2016-07-28T16:49:14+08:00 ] 127.0.0.1 /thinkcmf/index.php?g=&m=AdminPost&a=index
NOTIC: D方法实例化没找到模型类Portal\Model\PostsModel

[ 2016-07-28T16:50:44+08:00 ] 127.0.0.1 /thinkcmf/index.php?g=&m=AdminPost&a=delete&term=&tid=48
INFO: [ app_begin ] --START--
INFO: Run Behavior\ReadHtmlCacheBehavior [ RunTime:0.001000s ]
INFO: Run Behavior\CheckLangBehavior [ RunTime:0.001000s ]
INFO: [ app_begin ] --END-- [ RunTime:0.002000s ]
SQL: SHOW COLUMNS FROM `ty_users` [ RunTime:0.0030s ]
SQL: SELECT * FROM `ty_users` WHERE ( id=1 ) LIMIT 1   [ RunTime:0.0000s ]
NOTIC: D方法实例化没找到模型类Portal\Model\PostsModel
SQL: SHOW COLUMNS FROM `ty_posts` [ RunTime:0.0030s ]
SQL: SHOW COLUMNS FROM `ty_terms` [ RunTime:0.0020s ]
SQL: SHOW COLUMNS FROM `ty_term_relationships` [ RunTime:0.0030s ]
SQL: UPDATE `ty_term_relationships` SET `status`='0' WHERE ( tid=48 ) [ RunTime:0.0000s ]

[ 2016-07-28T16:50:44+08:00 ] 127.0.0.1 /thinkcmf/index.php?g=&m=AdminPost&a=index
NOTIC: D方法实例化没找到模型类Portal\Model\PostsModel

[ 2016-07-28T16:56:22+08:00 ] ::1 /thinkcmf/index.php?g=&m=Index&a=index
NOTIC: D方法实例化没找到模型类Admin\Model\LinksModel
NOTIC: D方法实例化没找到模型类portal\Model\PostsModel

[ 2016-07-28T16:56:46+08:00 ] ::1 /thinkcmf/
NOTIC: D方法实例化没找到模型类Admin\Model\LinksModel
NOTIC: D方法实例化没找到模型类portal\Model\PostsModel

[ 2016-07-28T16:56:57+08:00 ] ::1 /thinkcmf/index.php?g=portal&m=index&a=domain
NOTIC: D方法实例化没找到模型类Portal\Model\PostsModel

[ 2016-07-28T16:56:58+08:00 ] ::1 /thinkcmf/index.php?g=portal&m=index&a=domain
NOTIC: D方法实例化没找到模型类Portal\Model\PostsModel

[ 2016-07-28T16:57:01+08:00 ] ::1 /thinkcmf/
NOTIC: D方法实例化没找到模型类Admin\Model\LinksModel
NOTIC: D方法实例化没找到模型类portal\Model\PostsModel

[ 2016-07-28T16:57:01+08:00 ] ::1 /thinkcmf/
NOTIC: D方法实例化没找到模型类Admin\Model\LinksModel
NOTIC: D方法实例化没找到模型类portal\Model\PostsModel

[ 2016-07-28T16:57:02+08:00 ] ::1 /thinkcmf/index.php?g=portal&m=index&a=domain
NOTIC: D方法实例化没找到模型类Portal\Model\PostsModel

[ 2016-07-28T16:57:02+08:00 ] ::1 /thinkcmf/index.php?g=portal&m=index&a=article
NOTIC: D方法实例化没找到模型类Portal\Model\PostsModel

[ 2016-07-28T16:57:03+08:00 ] ::1 /thinkcmf/index.php?g=portal&m=index&a=va
NOTIC: D方法实例化没找到模型类portal\Model\PostsModel

[ 2016-07-28T16:59:05+08:00 ] 127.0.0.1 /thinkcmf/
NOTIC: D方法实例化没找到模型类Admin\Model\LinksModel
NOTIC: D方法实例化没找到模型类portal\Model\PostsModel

[ 2016-07-28T16:59:24+08:00 ] 127.0.0.1 /thinkcmf/
NOTIC: D方法实例化没找到模型类Admin\Model\LinksModel
NOTIC: D方法实例化没找到模型类portal\Model\PostsModel

[ 2016-07-28T16:59:42+08:00 ] 127.0.0.1 /thinkcmf/
NOTIC: D方法实例化没找到模型类Admin\Model\LinksModel
NOTIC: D方法实例化没找到模型类portal\Model\PostsModel

[ 2016-07-28T16:59:55+08:00 ] 127.0.0.1 /thinkcmf/index.php?g=portal&m=index&a=domain
NOTIC: D方法实例化没找到模型类Portal\Model\PostsModel

[ 2016-07-28T16:59:55+08:00 ] 127.0.0.1 /thinkcmf/index.php?g=portal&m=index&a=domain
NOTIC: D方法实例化没找到模型类Portal\Model\PostsModel

[ 2016-07-28T16:59:57+08:00 ] 127.0.0.1 /thinkcmf/
NOTIC: D方法实例化没找到模型类Admin\Model\LinksModel
NOTIC: D方法实例化没找到模型类portal\Model\PostsModel

[ 2016-07-28T17:05:39+08:00 ] 127.0.0.1 /thinkcmf/index.php?g=portal&m=index&a=article
NOTIC: D方法实例化没找到模型类Portal\Model\PostsModel

[ 2016-07-28T17:05:39+08:00 ] 127.0.0.1 /thinkcmf/index.php?g=portal&m=index&a=domain
NOTIC: D方法实例化没找到模型类Portal\Model\PostsModel

[ 2016-07-28T17:05:40+08:00 ] 127.0.0.1 /thinkcmf/
NOTIC: D方法实例化没找到模型类Admin\Model\LinksModel
NOTIC: D方法实例化没找到模型类portal\Model\PostsModel

[ 2016-07-28T17:09:49+08:00 ] 127.0.0.1 /thinkcmf/
NOTIC: D方法实例化没找到模型类Admin\Model\LinksModel
NOTIC: D方法实例化没找到模型类portal\Model\PostsModel

[ 2016-07-28T17:10:06+08:00 ] 127.0.0.1 /thinkcmf/
NOTIC: D方法实例化没找到模型类Admin\Model\LinksModel
NOTIC: D方法实例化没找到模型类portal\Model\PostsModel

[ 2016-07-28T17:10:24+08:00 ] 127.0.0.1 /thinkcmf/
NOTIC: D方法实例化没找到模型类Admin\Model\LinksModel
NOTIC: D方法实例化没找到模型类portal\Model\PostsModel

[ 2016-07-28T17:11:04+08:00 ] 127.0.0.1 /thinkcmf/
NOTIC: D方法实例化没找到模型类Admin\Model\LinksModel
NOTIC: D方法实例化没找到模型类portal\Model\PostsModel

[ 2016-07-28T17:11:29+08:00 ] 127.0.0.1 /thinkcmf/
NOTIC: D方法实例化没找到模型类Admin\Model\LinksModel
NOTIC: D方法实例化没找到模型类portal\Model\PostsModel

[ 2016-07-28T17:14:32+08:00 ] 127.0.0.1 /thinkcmf/
NOTIC: D方法实例化没找到模型类Admin\Model\LinksModel
NOTIC: D方法实例化没找到模型类portal\Model\PostsModel

[ 2016-07-28T17:14:35+08:00 ] 127.0.0.1 /thinkcmf/
NOTIC: D方法实例化没找到模型类Admin\Model\LinksModel
NOTIC: D方法实例化没找到模型类portal\Model\PostsModel

[ 2016-07-28T17:15:10+08:00 ] ::1 /thinkcmf/
NOTIC: D方法实例化没找到模型类Admin\Model\LinksModel
NOTIC: D方法实例化没找到模型类portal\Model\PostsModel

[ 2016-07-28T17:15:13+08:00 ] ::1 /thinkcmf/
NOTIC: D方法实例化没找到模型类Admin\Model\LinksModel
NOTIC: D方法实例化没找到模型类portal\Model\PostsModel

[ 2016-07-28T17:15:13+08:00 ] ::1 /thinkcmf/
NOTIC: D方法实例化没找到模型类Admin\Model\LinksModel
NOTIC: D方法实例化没找到模型类portal\Model\PostsModel

[ 2016-07-28T17:15:13+08:00 ] ::1 /thinkcmf/
NOTIC: D方法实例化没找到模型类Admin\Model\LinksModel
NOTIC: D方法实例化没找到模型类portal\Model\PostsModel

[ 2016-07-28T17:15:13+08:00 ] ::1 /thinkcmf/
NOTIC: D方法实例化没找到模型类Admin\Model\LinksModel
NOTIC: D方法实例化没找到模型类portal\Model\PostsModel

[ 2016-07-28T17:17:20+08:00 ] ::1 /thinkcmf/
NOTIC: D方法实例化没找到模型类Admin\Model\LinksModel
NOTIC: D方法实例化没找到模型类portal\Model\PostsModel

[ 2016-07-28T17:26:14+08:00 ] 127.0.0.1 /thinkcmf/
NOTIC: D方法实例化没找到模型类Admin\Model\LinksModel
NOTIC: D方法实例化没找到模型类portal\Model\PostsModel
ERR: XML标签语法错误 : name="posts"item="vo"

[ 2016-07-28T17:26:15+08:00 ] 127.0.0.1 /thinkcmf/
NOTIC: D方法实例化没找到模型类Admin\Model\LinksModel
NOTIC: D方法实例化没找到模型类portal\Model\PostsModel
ERR: XML标签语法错误 : name="posts"item="vo"

[ 2016-07-28T17:26:15+08:00 ] 127.0.0.1 /thinkcmf/
NOTIC: D方法实例化没找到模型类Admin\Model\LinksModel
NOTIC: D方法实例化没找到模型类portal\Model\PostsModel
ERR: XML标签语法错误 : name="posts"item="vo"

[ 2016-07-28T17:27:32+08:00 ] 127.0.0.1 /thinkcmf/
NOTIC: D方法实例化没找到模型类Admin\Model\LinksModel
NOTIC: D方法实例化没找到模型类portal\Model\PostsModel

[ 2016-07-28T17:27:34+08:00 ] 127.0.0.1 /thinkcmf/
NOTIC: D方法实例化没找到模型类Admin\Model\LinksModel
NOTIC: D方法实例化没找到模型类portal\Model\PostsModel

[ 2016-07-28T17:27:34+08:00 ] 127.0.0.1 /thinkcmf/
NOTIC: D方法实例化没找到模型类Admin\Model\LinksModel
NOTIC: D方法实例化没找到模型类portal\Model\PostsModel

[ 2016-07-28T17:27:35+08:00 ] 127.0.0.1 /thinkcmf/
NOTIC: D方法实例化没找到模型类Admin\Model\LinksModel
NOTIC: D方法实例化没找到模型类portal\Model\PostsModel

[ 2016-07-28T17:27:35+08:00 ] 127.0.0.1 /thinkcmf/
NOTIC: D方法实例化没找到模型类Admin\Model\LinksModel
NOTIC: D方法实例化没找到模型类portal\Model\PostsModel

[ 2016-07-28T17:28:24+08:00 ] 127.0.0.1 /thinkcmf/
NOTIC: D方法实例化没找到模型类Admin\Model\LinksModel
NOTIC: D方法实例化没找到模型类portal\Model\PostsModel

[ 2016-07-28T17:28:25+08:00 ] 127.0.0.1 /thinkcmf/
NOTIC: D方法实例化没找到模型类Admin\Model\LinksModel
NOTIC: D方法实例化没找到模型类portal\Model\PostsModel

[ 2016-07-28T17:28:25+08:00 ] 127.0.0.1 /thinkcmf/
NOTIC: D方法实例化没找到模型类Admin\Model\LinksModel
NOTIC: D方法实例化没找到模型类portal\Model\PostsModel

[ 2016-07-28T17:28:25+08:00 ] 127.0.0.1 /thinkcmf/
NOTIC: D方法实例化没找到模型类Admin\Model\LinksModel
NOTIC: D方法实例化没找到模型类portal\Model\PostsModel

[ 2016-07-28T17:28:25+08:00 ] 127.0.0.1 /thinkcmf/
NOTIC: D方法实例化没找到模型类Admin\Model\LinksModel
NOTIC: D方法实例化没找到模型类portal\Model\PostsModel

[ 2016-07-28T17:28:26+08:00 ] 127.0.0.1 /thinkcmf/
NOTIC: D方法实例化没找到模型类Admin\Model\LinksModel
NOTIC: D方法实例化没找到模型类portal\Model\PostsModel

[ 2016-07-28T17:28:41+08:00 ] 127.0.0.1 /thinkcmf/
NOTIC: D方法实例化没找到模型类Admin\Model\LinksModel
NOTIC: D方法实例化没找到模型类portal\Model\PostsModel

[ 2016-07-28T17:28:43+08:00 ] 127.0.0.1 /thinkcmf/
NOTIC: D方法实例化没找到模型类Admin\Model\LinksModel
NOTIC: D方法实例化没找到模型类portal\Model\PostsModel

[ 2016-07-28T17:33:09+08:00 ] 127.0.0.1 /thinkcmf/
NOTIC: D方法实例化没找到模型类Admin\Model\LinksModel
NOTIC: D方法实例化没找到模型类portal\Model\PostsModel

[ 2016-07-28T17:33:09+08:00 ] 127.0.0.1 /thinkcmf/
NOTIC: D方法实例化没找到模型类Admin\Model\LinksModel
NOTIC: D方法实例化没找到模型类portal\Model\PostsModel

[ 2016-07-28T17:33:10+08:00 ] 127.0.0.1 /thinkcmf/
NOTIC: D方法实例化没找到模型类Admin\Model\LinksModel
NOTIC: D方法实例化没找到模型类portal\Model\PostsModel

[ 2016-07-28T17:33:10+08:00 ] 127.0.0.1 /thinkcmf/
NOTIC: D方法实例化没找到模型类Admin\Model\LinksModel
NOTIC: D方法实例化没找到模型类portal\Model\PostsModel

[ 2016-07-28T17:33:10+08:00 ] 127.0.0.1 /thinkcmf/
NOTIC: D方法实例化没找到模型类Admin\Model\LinksModel
NOTIC: D方法实例化没找到模型类portal\Model\PostsModel

[ 2016-07-28T17:33:10+08:00 ] 127.0.0.1 /thinkcmf/
NOTIC: D方法实例化没找到模型类Admin\Model\LinksModel
NOTIC: D方法实例化没找到模型类portal\Model\PostsModel

[ 2016-07-28T17:33:10+08:00 ] 127.0.0.1 /thinkcmf/
NOTIC: D方法实例化没找到模型类Admin\Model\LinksModel
NOTIC: D方法实例化没找到模型类portal\Model\PostsModel

[ 2016-07-28T17:33:11+08:00 ] 127.0.0.1 /thinkcmf/
NOTIC: D方法实例化没找到模型类Admin\Model\LinksModel
NOTIC: D方法实例化没找到模型类portal\Model\PostsModel

[ 2016-07-28T17:33:51+08:00 ] 127.0.0.1 /thinkcmf/index.php?g=Portal&m=AdminPost&a=index&p=2
NOTIC: D方法实例化没找到模型类Portal\Model\PostsModel

[ 2016-07-28T17:36:38+08:00 ] ::1 /thinkcmf/index.php?g=portal&m=index&a=va
NOTIC: D方法实例化没找到模型类portal\Model\PostsModel

[ 2016-07-28T17:36:40+08:00 ] ::1 /thinkcmf/index.php?g=portal&m=index&a=article
NOTIC: D方法实例化没找到模型类Portal\Model\PostsModel

[ 2016-07-28T17:36:40+08:00 ] ::1 /thinkcmf/index.php?g=portal&m=index&a=domain
NOTIC: D方法实例化没找到模型类Portal\Model\PostsModel

[ 2016-07-28T17:36:40+08:00 ] ::1 /thinkcmf/index.php?g=portal&m=index&a=domain
NOTIC: D方法实例化没找到模型类Portal\Model\PostsModel

[ 2016-07-28T17:36:41+08:00 ] ::1 /thinkcmf/
NOTIC: D方法实例化没找到模型类Admin\Model\LinksModel
NOTIC: D方法实例化没找到模型类portal\Model\PostsModel

[ 2016-07-28T17:50:19+08:00 ] 127.0.0.1 /thinkcmf/
NOTIC: D方法实例化没找到模型类Admin\Model\LinksModel
NOTIC: D方法实例化没找到模型类portal\Model\PostsModel

[ 2016-07-28T17:50:19+08:00 ] 127.0.0.1 /thinkcmf/
NOTIC: D方法实例化没找到模型类Admin\Model\LinksModel
NOTIC: D方法实例化没找到模型类portal\Model\PostsModel

[ 2016-07-28T17:50:20+08:00 ] 127.0.0.1 /thinkcmf/
NOTIC: D方法实例化没找到模型类Admin\Model\LinksModel
NOTIC: D方法实例化没找到模型类portal\Model\PostsModel

[ 2016-07-28T17:50:20+08:00 ] 127.0.0.1 /thinkcmf/
NOTIC: D方法实例化没找到模型类Admin\Model\LinksModel
NOTIC: D方法实例化没找到模型类portal\Model\PostsModel

[ 2016-07-28T17:58:27+08:00 ] ::1 /thinkcmf/index.php?g=portal&m=index&a=va
NOTIC: D方法实例化没找到模型类portal\Model\PostsModel

[ 2016-07-28T17:58:28+08:00 ] ::1 /thinkcmf/index.php?g=portal&m=index&a=article
NOTIC: D方法实例化没找到模型类Portal\Model\PostsModel

[ 2016-07-28T17:58:28+08:00 ] ::1 /thinkcmf/index.php?g=portal&m=index&a=article
NOTIC: D方法实例化没找到模型类Portal\Model\PostsModel

[ 2016-07-28T17:58:29+08:00 ] ::1 /thinkcmf/
NOTIC: D方法实例化没找到模型类Admin\Model\LinksModel
NOTIC: D方法实例化没找到模型类portal\Model\PostsModel

[ 2016-07-28T17:58:50+08:00 ] 127.0.0.1 /thinkcmf/
NOTIC: D方法实例化没找到模型类Admin\Model\LinksModel
NOTIC: D方法实例化没找到模型类portal\Model\PostsModel

[ 2016-07-28T17:58:50+08:00 ] 127.0.0.1 /thinkcmf/
NOTIC: D方法实例化没找到模型类Admin\Model\LinksModel
NOTIC: D方法实例化没找到模型类portal\Model\PostsModel

[ 2016-07-28T17:58:50+08:00 ] 127.0.0.1 /thinkcmf/
NOTIC: D方法实例化没找到模型类Admin\Model\LinksModel
NOTIC: D方法实例化没找到模型类portal\Model\PostsModel

[ 2016-07-28T17:58:50+08:00 ] 127.0.0.1 /thinkcmf/
NOTIC: D方法实例化没找到模型类Admin\Model\LinksModel
NOTIC: D方法实例化没找到模型类portal\Model\PostsModel

[ 2016-07-28T17:59:22+08:00 ] 127.0.0.1 /thinkcmf/
NOTIC: D方法实例化没找到模型类Admin\Model\LinksModel
NOTIC: D方法实例化没找到模型类portal\Model\PostsModel

[ 2016-07-28T18:01:36+08:00 ] 127.0.0.1 /thinkcmf/
NOTIC: D方法实例化没找到模型类Admin\Model\LinksModel
NOTIC: D方法实例化没找到模型类portal\Model\PostsModel

[ 2016-07-28T18:01:36+08:00 ] 127.0.0.1 /thinkcmf/
NOTIC: D方法实例化没找到模型类Admin\Model\LinksModel
NOTIC: D方法实例化没找到模型类portal\Model\PostsModel

[ 2016-07-28T18:01:36+08:00 ] 127.0.0.1 /thinkcmf/
NOTIC: D方法实例化没找到模型类Admin\Model\LinksModel
NOTIC: D方法实例化没找到模型类portal\Model\PostsModel

[ 2016-07-28T18:05:42+08:00 ] 127.0.0.1 /thinkcmf/
NOTIC: D方法实例化没找到模型类Admin\Model\LinksModel
NOTIC: D方法实例化没找到模型类portal\Model\PostsModel

[ 2016-07-28T18:05:42+08:00 ] 127.0.0.1 /thinkcmf/
NOTIC: D方法实例化没找到模型类Admin\Model\LinksModel
NOTIC: D方法实例化没找到模型类portal\Model\PostsModel

[ 2016-07-28T18:05:42+08:00 ] 127.0.0.1 /thinkcmf/
NOTIC: D方法实例化没找到模型类Admin\Model\LinksModel
NOTIC: D方法实例化没找到模型类portal\Model\PostsModel

[ 2016-07-28T18:07:08+08:00 ] 127.0.0.1 /thinkcmf/
NOTIC: D方法实例化没找到模型类Admin\Model\LinksModel
NOTIC: D方法实例化没找到模型类portal\Model\PostsModel

[ 2016-07-28T18:09:26+08:00 ] 127.0.0.1 /thinkcmf/
NOTIC: D方法实例化没找到模型类Admin\Model\LinksModel
NOTIC: D方法实例化没找到模型类portal\Model\PostsModel

[ 2016-07-28T18:09:26+08:00 ] 127.0.0.1 /thinkcmf/
NOTIC: D方法实例化没找到模型类Admin\Model\LinksModel
NOTIC: D方法实例化没找到模型类portal\Model\PostsModel

[ 2016-07-28T18:09:26+08:00 ] 127.0.0.1 /thinkcmf/
NOTIC: D方法实例化没找到模型类Admin\Model\LinksModel
NOTIC: D方法实例化没找到模型类portal\Model\PostsModel

[ 2016-07-28T18:09:29+08:00 ] 127.0.0.1 /thinkcmf/index.php?g=portal&m=index&a=domain
NOTIC: D方法实例化没找到模型类Portal\Model\PostsModel

[ 2016-07-28T18:09:35+08:00 ] 127.0.0.1 /thinkcmf/
NOTIC: D方法实例化没找到模型类Admin\Model\LinksModel
NOTIC: D方法实例化没找到模型类portal\Model\PostsModel

[ 2016-07-28T18:09:49+08:00 ] 127.0.0.1 /thinkcmf/
NOTIC: D方法实例化没找到模型类Admin\Model\LinksModel
NOTIC: D方法实例化没找到模型类portal\Model\PostsModel

[ 2016-07-28T18:10:06+08:00 ] 127.0.0.1 /thinkcmf/
NOTIC: D方法实例化没找到模型类Admin\Model\LinksModel
NOTIC: D方法实例化没找到模型类portal\Model\PostsModel

