[ 2016-07-20T14:35:45+08:00 ] 127.0.0.1 /thinkcmf/index.php?g=user&m=index&a=is_login
INFO: [ app_begin ] --START--
INFO: Run Behavior\ReadHtmlCacheBehavior [ RunTime:0.000000s ]
INFO: Run Behavior\CheckLangBehavior [ RunTime:0.001000s ]
INFO: [ app_begin ] --END-- [ RunTime:0.002000s ]
NOTIC: [8] Undefined index: url C:\wamp\www\thinkcmf\application\Common\Controller\AppframeController.class.php 第 24 行.

[ 2016-07-20T14:35:55+08:00 ] 127.0.0.1 /thinkcmf/index.php?g=user&m=index&a=is_login
INFO: [ app_begin ] --START--
INFO: Run Behavior\ReadHtmlCacheBehavior [ RunTime:0.001000s ]
INFO: Run Behavior\CheckLangBehavior [ RunTime:0.001000s ]
INFO: [ app_begin ] --END-- [ RunTime:0.002000s ]
NOTIC: [8] Undefined index: url C:\wamp\www\thinkcmf\application\Common\Controller\AppframeController.class.php 第 24 行.

[ 2016-07-20T14:36:04+08:00 ] 127.0.0.1 /thinkcmf/index.php?g=user&m=index&a=is_login
INFO: [ app_begin ] --START--
INFO: Run Behavior\ReadHtmlCacheBehavior [ RunTime:0.000000s ]
INFO: Run Behavior\CheckLangBehavior [ RunTime:0.000000s ]
INFO: [ app_begin ] --END-- [ RunTime:0.001000s ]
NOTIC: [8] Undefined index: url C:\wamp\www\thinkcmf\application\Common\Controller\AppframeController.class.php 第 24 行.

[ 2016-07-20T14:37:01+08:00 ] 127.0.0.1 /thinkcmf/index.php?g=user&m=index&a=is_login
INFO: [ app_begin ] --START--
INFO: Run Behavior\ReadHtmlCacheBehavior [ RunTime:0.000000s ]
INFO: Run Behavior\CheckLangBehavior [ RunTime:0.000000s ]
INFO: [ app_begin ] --END-- [ RunTime:0.000000s ]
NOTIC: [8] Undefined index: url C:\wamp\www\thinkcmf\application\Common\Controller\AppframeController.class.php 第 24 行.

[ 2016-07-20T14:37:02+08:00 ] 127.0.0.1 /thinkcmf/index.php?g=user&m=index&a=is_login
INFO: [ app_begin ] --START--
INFO: Run Behavior\ReadHtmlCacheBehavior [ RunTime:0.000000s ]
INFO: Run Behavior\CheckLangBehavior [ RunTime:0.000000s ]
INFO: [ app_begin ] --END-- [ RunTime:0.000000s ]
NOTIC: [8] Undefined index: url C:\wamp\www\thinkcmf\application\Common\Controller\AppframeController.class.php 第 24 行.

[ 2016-07-20T14:44:41+08:00 ] 127.0.0.1 /thinkcmf/index.php?g=user&m=index&a=is_login
INFO: [ app_begin ] --START--
INFO: Run Behavior\ReadHtmlCacheBehavior [ RunTime:0.000000s ]
INFO: Run Behavior\CheckLangBehavior [ RunTime:0.001000s ]
INFO: [ app_begin ] --END-- [ RunTime:0.002000s ]
NOTIC: [8] Undefined index: url C:\wamp\www\thinkcmf\application\Common\Controller\AppframeController.class.php 第 24 行.

[ 2016-07-20T14:47:00+08:00 ] 127.0.0.1 /thinkcmf/index.php?g=user&m=index&a=is_login
INFO: [ app_begin ] --START--
INFO: Run Behavior\ReadHtmlCacheBehavior [ RunTime:0.000000s ]
INFO: Run Behavior\CheckLangBehavior [ RunTime:0.001000s ]
INFO: [ app_begin ] --END-- [ RunTime:0.002000s ]
NOTIC: [8] Undefined index: url C:\wamp\www\thinkcmf\application\Common\Controller\AppframeController.class.php 第 24 行.

[ 2016-07-20T14:48:53+08:00 ] 127.0.0.1 /thinkcmf/index.php?g=user&m=index&a=is_login
INFO: [ app_begin ] --START--
INFO: Run Behavior\ReadHtmlCacheBehavior [ RunTime:0.000000s ]
INFO: Run Behavior\CheckLangBehavior [ RunTime:0.001000s ]
INFO: [ app_begin ] --END-- [ RunTime:0.002000s ]
NOTIC: [8] Undefined index: url C:\wamp\www\thinkcmf\application\Common\Controller\AppframeController.class.php 第 24 行.

[ 2016-07-20T14:49:13+08:00 ] 127.0.0.1 /thinkcmf/index.php?g=user&m=index&a=is_login
INFO: [ app_begin ] --START--
INFO: Run Behavior\ReadHtmlCacheBehavior [ RunTime:0.001000s ]
INFO: Run Behavior\CheckLangBehavior [ RunTime:0.002000s ]
INFO: [ app_begin ] --END-- [ RunTime:0.003000s ]
NOTIC: [8] Undefined index: url C:\wamp\www\thinkcmf\application\Common\Controller\AppframeController.class.php 第 24 行.

[ 2016-07-20T14:54:18+08:00 ] 127.0.0.1 /thinkcmf/index.php?g=user&m=index&a=is_login
INFO: [ app_begin ] --START--
INFO: Run Behavior\ReadHtmlCacheBehavior [ RunTime:0.000000s ]
INFO: Run Behavior\CheckLangBehavior [ RunTime:0.001000s ]
INFO: [ app_begin ] --END-- [ RunTime:0.001000s ]
NOTIC: [8] Undefined index: url C:\wamp\www\thinkcmf\application\Common\Controller\AppframeController.class.php 第 24 行.

[ 2016-07-20T14:55:49+08:00 ] 127.0.0.1 /thinkcmf/index.php?g=user&m=index&a=is_login
INFO: [ app_begin ] --START--
INFO: Run Behavior\ReadHtmlCacheBehavior [ RunTime:0.000000s ]
INFO: Run Behavior\CheckLangBehavior [ RunTime:0.002000s ]
INFO: [ app_begin ] --END-- [ RunTime:0.003000s ]
NOTIC: [8] Undefined index: url C:\wamp\www\thinkcmf\application\Common\Controller\AppframeController.class.php 第 24 行.

[ 2016-07-20T15:10:15+08:00 ] 127.0.0.1 /thinkcmf/index.php?g=user&m=index&a=is_login
INFO: [ app_begin ] --START--
INFO: Run Behavior\ReadHtmlCacheBehavior [ RunTime:0.001000s ]
INFO: Run Behavior\CheckLangBehavior [ RunTime:0.001000s ]
INFO: [ app_begin ] --END-- [ RunTime:0.002000s ]
NOTIC: [8] Undefined index: url C:\wamp\www\thinkcmf\application\Common\Controller\AppframeController.class.php 第 24 行.

[ 2016-07-20T15:10:17+08:00 ] 127.0.0.1 /thinkcmf/index.php?g=user&m=index&a=is_login
INFO: [ app_begin ] --START--
INFO: Run Behavior\ReadHtmlCacheBehavior [ RunTime:0.001000s ]
INFO: Run Behavior\CheckLangBehavior [ RunTime:0.001000s ]
INFO: [ app_begin ] --END-- [ RunTime:0.002000s ]
NOTIC: [8] Undefined index: url C:\wamp\www\thinkcmf\application\Common\Controller\AppframeController.class.php 第 24 行.

[ 2016-07-20T15:14:14+08:00 ] 127.0.0.1 /thinkcmf/index.php?g=user&m=index&a=is_login
INFO: [ app_begin ] --START--
INFO: Run Behavior\ReadHtmlCacheBehavior [ RunTime:0.000000s ]
INFO: Run Behavior\CheckLangBehavior [ RunTime:0.001000s ]
INFO: [ app_begin ] --END-- [ RunTime:0.002000s ]
NOTIC: [8] Undefined index: url C:\wamp\www\thinkcmf\application\Common\Controller\AppframeController.class.php 第 24 行.

[ 2016-07-20T15:14:33+08:00 ] 127.0.0.1 /thinkcmf/index.php?g=user&m=index&a=is_login
INFO: [ app_begin ] --START--
INFO: Run Behavior\ReadHtmlCacheBehavior [ RunTime:0.000000s ]
INFO: Run Behavior\CheckLangBehavior [ RunTime:0.001000s ]
INFO: [ app_begin ] --END-- [ RunTime:0.002000s ]
NOTIC: [8] Undefined index: url C:\wamp\www\thinkcmf\application\Common\Controller\AppframeController.class.php 第 24 行.

[ 2016-07-20T15:14:36+08:00 ] 127.0.0.1 /thinkcmf/index.php?g=user&m=index&a=is_login
INFO: [ app_begin ] --START--
INFO: Run Behavior\ReadHtmlCacheBehavior [ RunTime:0.000000s ]
INFO: Run Behavior\CheckLangBehavior [ RunTime:0.002000s ]
INFO: [ app_begin ] --END-- [ RunTime:0.002000s ]
NOTIC: [8] Undefined index: url C:\wamp\www\thinkcmf\application\Common\Controller\AppframeController.class.php 第 24 行.

[ 2016-07-20T15:14:44+08:00 ] 127.0.0.1 /thinkcmf/index.php?g=user&m=index&a=is_login
INFO: [ app_begin ] --START--
INFO: Run Behavior\ReadHtmlCacheBehavior [ RunTime:0.001000s ]
INFO: Run Behavior\CheckLangBehavior [ RunTime:0.001000s ]
INFO: [ app_begin ] --END-- [ RunTime:0.002000s ]
NOTIC: [8] Undefined index: url C:\wamp\www\thinkcmf\application\Common\Controller\AppframeController.class.php 第 24 行.

[ 2016-07-20T15:17:36+08:00 ] 127.0.0.1 /thinkcmf/index.php?g=user&m=index&a=is_login
INFO: [ app_begin ] --START--
INFO: Run Behavior\ReadHtmlCacheBehavior [ RunTime:0.000000s ]
INFO: Run Behavior\CheckLangBehavior [ RunTime:0.001000s ]
INFO: [ app_begin ] --END-- [ RunTime:0.002000s ]
NOTIC: [8] Undefined index: url C:\wamp\www\thinkcmf\application\Common\Controller\AppframeController.class.php 第 24 行.

[ 2016-07-20T15:17:37+08:00 ] 127.0.0.1 /thinkcmf/index.php?g=user&m=index&a=is_login
INFO: [ app_begin ] --START--
INFO: Run Behavior\ReadHtmlCacheBehavior [ RunTime:0.001000s ]
INFO: Run Behavior\CheckLangBehavior [ RunTime:0.001000s ]
INFO: [ app_begin ] --END-- [ RunTime:0.002000s ]
NOTIC: [8] Undefined index: url C:\wamp\www\thinkcmf\application\Common\Controller\AppframeController.class.php 第 24 行.

[ 2016-07-20T15:19:40+08:00 ] 127.0.0.1 /thinkcmf/index.php?g=user&m=index&a=is_login
INFO: [ app_begin ] --START--
INFO: Run Behavior\ReadHtmlCacheBehavior [ RunTime:0.000000s ]
INFO: Run Behavior\CheckLangBehavior [ RunTime:0.000000s ]
INFO: [ app_begin ] --END-- [ RunTime:0.001000s ]
NOTIC: [8] Undefined index: url C:\wamp\www\thinkcmf\application\Common\Controller\AppframeController.class.php 第 24 行.

[ 2016-07-20T15:19:42+08:00 ] 127.0.0.1 /thinkcmf/index.php?g=user&m=index&a=is_login
INFO: [ app_begin ] --START--
INFO: Run Behavior\ReadHtmlCacheBehavior [ RunTime:0.001000s ]
INFO: Run Behavior\CheckLangBehavior [ RunTime:0.001000s ]
INFO: [ app_begin ] --END-- [ RunTime:0.002000s ]
NOTIC: [8] Undefined index: url C:\wamp\www\thinkcmf\application\Common\Controller\AppframeController.class.php 第 24 行.

[ 2016-07-20T15:20:09+08:00 ] 127.0.0.1 /thinkcmf/index.php?g=user&m=index&a=is_login
INFO: [ app_begin ] --START--
INFO: Run Behavior\ReadHtmlCacheBehavior [ RunTime:0.000000s ]
INFO: Run Behavior\CheckLangBehavior [ RunTime:0.000000s ]
INFO: [ app_begin ] --END-- [ RunTime:0.003000s ]
NOTIC: [8] Undefined index: url C:\wamp\www\thinkcmf\application\Common\Controller\AppframeController.class.php 第 24 行.

[ 2016-07-20T15:20:28+08:00 ] 127.0.0.1 /thinkcmf/index.php?g=user&m=index&a=is_login
INFO: [ app_begin ] --START--
INFO: Run Behavior\ReadHtmlCacheBehavior [ RunTime:0.000000s ]
INFO: Run Behavior\CheckLangBehavior [ RunTime:0.010000s ]
INFO: [ app_begin ] --END-- [ RunTime:0.010000s ]
NOTIC: [8] Undefined index: url C:\wamp\www\thinkcmf\application\Common\Controller\AppframeController.class.php 第 24 行.

[ 2016-07-20T15:20:32+08:00 ] 127.0.0.1 /thinkcmf/index.php?g=user&m=index&a=is_login
INFO: [ app_begin ] --START--
INFO: Run Behavior\ReadHtmlCacheBehavior [ RunTime:0.000000s ]
INFO: Run Behavior\CheckLangBehavior [ RunTime:0.001000s ]
INFO: [ app_begin ] --END-- [ RunTime:0.001000s ]
NOTIC: [8] Undefined index: url C:\wamp\www\thinkcmf\application\Common\Controller\AppframeController.class.php 第 24 行.

[ 2016-07-20T15:26:16+08:00 ] 127.0.0.1 /thinkcmf/index.php?g=user&m=index&a=is_login
INFO: [ app_begin ] --START--
INFO: Run Behavior\ReadHtmlCacheBehavior [ RunTime:0.000000s ]
INFO: Run Behavior\CheckLangBehavior [ RunTime:0.000000s ]
INFO: [ app_begin ] --END-- [ RunTime:0.000000s ]
NOTIC: [8] Undefined index: url C:\wamp\www\thinkcmf\application\Common\Controller\AppframeController.class.php 第 24 行.

[ 2016-07-20T15:26:22+08:00 ] 127.0.0.1 /thinkcmf/index.php?g=user&m=index&a=is_login
INFO: [ app_begin ] --START--
INFO: Run Behavior\ReadHtmlCacheBehavior [ RunTime:0.000000s ]
INFO: Run Behavior\CheckLangBehavior [ RunTime:0.000000s ]
INFO: [ app_begin ] --END-- [ RunTime:0.001000s ]
NOTIC: [8] Undefined index: url C:\wamp\www\thinkcmf\application\Common\Controller\AppframeController.class.php 第 24 行.

[ 2016-07-20T15:26:28+08:00 ] 127.0.0.1 /thinkcmf/index.php?g=user&m=index&a=is_login
INFO: [ app_begin ] --START--
INFO: Run Behavior\ReadHtmlCacheBehavior [ RunTime:0.000000s ]
INFO: Run Behavior\CheckLangBehavior [ RunTime:0.000000s ]
INFO: [ app_begin ] --END-- [ RunTime:0.000000s ]
NOTIC: [8] Undefined index: url C:\wamp\www\thinkcmf\application\Common\Controller\AppframeController.class.php 第 24 行.

[ 2016-07-20T15:26:30+08:00 ] 127.0.0.1 /thinkcmf/index.php?g=user&m=index&a=is_login
INFO: [ app_begin ] --START--
INFO: Run Behavior\ReadHtmlCacheBehavior [ RunTime:0.001000s ]
INFO: Run Behavior\CheckLangBehavior [ RunTime:0.001000s ]
INFO: [ app_begin ] --END-- [ RunTime:0.002000s ]
NOTIC: [8] Undefined index: url C:\wamp\www\thinkcmf\application\Common\Controller\AppframeController.class.php 第 24 行.

[ 2016-07-20T15:26:31+08:00 ] 127.0.0.1 /thinkcmf/index.php?g=user&m=index&a=is_login
INFO: [ app_begin ] --START--
INFO: Run Behavior\ReadHtmlCacheBehavior [ RunTime:0.000000s ]
INFO: Run Behavior\CheckLangBehavior [ RunTime:0.001000s ]
INFO: [ app_begin ] --END-- [ RunTime:0.001000s ]
NOTIC: [8] Undefined index: url C:\wamp\www\thinkcmf\application\Common\Controller\AppframeController.class.php 第 24 行.

[ 2016-07-20T15:26:35+08:00 ] 127.0.0.1 /thinkcmf/index.php?g=user&m=index&a=is_login
INFO: [ app_begin ] --START--
INFO: Run Behavior\ReadHtmlCacheBehavior [ RunTime:0.001000s ]
INFO: Run Behavior\CheckLangBehavior [ RunTime:0.000000s ]
INFO: [ app_begin ] --END-- [ RunTime:0.002000s ]
NOTIC: [8] Undefined index: url C:\wamp\www\thinkcmf\application\Common\Controller\AppframeController.class.php 第 24 行.

[ 2016-07-20T15:29:55+08:00 ] 127.0.0.1 /thinkcmf/index.php?g=user&m=index&a=is_login
INFO: [ app_begin ] --START--
INFO: Run Behavior\ReadHtmlCacheBehavior [ RunTime:0.000000s ]
INFO: Run Behavior\CheckLangBehavior [ RunTime:0.000000s ]
INFO: [ app_begin ] --END-- [ RunTime:0.001000s ]
NOTIC: [8] Undefined index: url C:\wamp\www\thinkcmf\application\Common\Controller\AppframeController.class.php 第 24 行.

[ 2016-07-20T15:29:56+08:00 ] 127.0.0.1 /thinkcmf/index.php?g=user&m=index&a=is_login
INFO: [ app_begin ] --START--
INFO: Run Behavior\ReadHtmlCacheBehavior [ RunTime:0.000000s ]
INFO: Run Behavior\CheckLangBehavior [ RunTime:0.002000s ]
INFO: [ app_begin ] --END-- [ RunTime:0.002000s ]
NOTIC: [8] Undefined index: url C:\wamp\www\thinkcmf\application\Common\Controller\AppframeController.class.php 第 24 行.

[ 2016-07-20T15:34:42+08:00 ] 127.0.0.1 /thinkcmf/index.php?g=user&m=index&a=is_login
INFO: [ app_begin ] --START--
INFO: Run Behavior\ReadHtmlCacheBehavior [ RunTime:0.000000s ]
INFO: Run Behavior\CheckLangBehavior [ RunTime:0.001000s ]
INFO: [ app_begin ] --END-- [ RunTime:0.002000s ]
NOTIC: [8] Undefined index: url C:\wamp\www\thinkcmf\application\Common\Controller\AppframeController.class.php 第 24 行.

[ 2016-07-20T15:34:47+08:00 ] 127.0.0.1 /thinkcmf/index.php?g=user&m=index&a=is_login
INFO: [ app_begin ] --START--
INFO: Run Behavior\ReadHtmlCacheBehavior [ RunTime:0.001000s ]
INFO: Run Behavior\CheckLangBehavior [ RunTime:0.001000s ]
INFO: [ app_begin ] --END-- [ RunTime:0.002000s ]
NOTIC: [8] Undefined index: url C:\wamp\www\thinkcmf\application\Common\Controller\AppframeController.class.php 第 24 行.

[ 2016-07-20T15:35:21+08:00 ] 127.0.0.1 /thinkcmf/index.php?g=user&m=index&a=is_login
INFO: [ app_begin ] --START--
INFO: Run Behavior\ReadHtmlCacheBehavior [ RunTime:0.001000s ]
INFO: Run Behavior\CheckLangBehavior [ RunTime:0.001000s ]
INFO: [ app_begin ] --END-- [ RunTime:0.002000s ]
NOTIC: [8] Undefined index: url C:\wamp\www\thinkcmf\application\Common\Controller\AppframeController.class.php 第 24 行.

[ 2016-07-20T15:35:23+08:00 ] 127.0.0.1 /thinkcmf/index.php?g=user&m=index&a=is_login
INFO: [ app_begin ] --START--
INFO: Run Behavior\ReadHtmlCacheBehavior [ RunTime:0.001000s ]
INFO: Run Behavior\CheckLangBehavior [ RunTime:0.000000s ]
INFO: [ app_begin ] --END-- [ RunTime:0.002000s ]
NOTIC: [8] Undefined index: url C:\wamp\www\thinkcmf\application\Common\Controller\AppframeController.class.php 第 24 行.

[ 2016-07-20T15:35:25+08:00 ] 127.0.0.1 /thinkcmf/index.php?g=user&m=index&a=is_login
INFO: [ app_begin ] --START--
INFO: Run Behavior\ReadHtmlCacheBehavior [ RunTime:0.001000s ]
INFO: Run Behavior\CheckLangBehavior [ RunTime:0.000000s ]
INFO: [ app_begin ] --END-- [ RunTime:0.001000s ]
NOTIC: [8] Undefined index: url C:\wamp\www\thinkcmf\application\Common\Controller\AppframeController.class.php 第 24 行.

[ 2016-07-20T15:35:49+08:00 ] 127.0.0.1 /thinkcmf/index.php?g=user&m=index&a=is_login
INFO: [ app_begin ] --START--
INFO: Run Behavior\ReadHtmlCacheBehavior [ RunTime:0.001000s ]
INFO: Run Behavior\CheckLangBehavior [ RunTime:0.001000s ]
INFO: [ app_begin ] --END-- [ RunTime:0.002000s ]
NOTIC: [8] Undefined index: url C:\wamp\www\thinkcmf\application\Common\Controller\AppframeController.class.php 第 24 行.

[ 2016-07-20T15:36:30+08:00 ] 127.0.0.1 /thinkcmf/index.php?g=user&m=index&a=is_login
INFO: [ app_begin ] --START--
INFO: Run Behavior\ReadHtmlCacheBehavior [ RunTime:0.001000s ]
INFO: Run Behavior\CheckLangBehavior [ RunTime:0.001000s ]
INFO: [ app_begin ] --END-- [ RunTime:0.003000s ]
NOTIC: [8] Undefined index: url C:\wamp\www\thinkcmf\application\Common\Controller\AppframeController.class.php 第 24 行.

[ 2016-07-20T15:36:32+08:00 ] 127.0.0.1 /thinkcmf/index.php?g=user&m=index&a=is_login
INFO: [ app_begin ] --START--
INFO: Run Behavior\ReadHtmlCacheBehavior [ RunTime:0.001000s ]
INFO: Run Behavior\CheckLangBehavior [ RunTime:0.000000s ]
INFO: [ app_begin ] --END-- [ RunTime:0.001000s ]
NOTIC: [8] Undefined index: url C:\wamp\www\thinkcmf\application\Common\Controller\AppframeController.class.php 第 24 行.

[ 2016-07-20T15:36:34+08:00 ] 127.0.0.1 /thinkcmf/index.php?g=user&m=index&a=is_login
INFO: [ app_begin ] --START--
INFO: Run Behavior\ReadHtmlCacheBehavior [ RunTime:0.002000s ]
INFO: Run Behavior\CheckLangBehavior [ RunTime:0.001000s ]
INFO: [ app_begin ] --END-- [ RunTime:0.003000s ]
NOTIC: [8] Undefined index: url C:\wamp\www\thinkcmf\application\Common\Controller\AppframeController.class.php 第 24 行.

[ 2016-07-20T15:36:35+08:00 ] 127.0.0.1 /thinkcmf/index.php?g=user&m=index&a=is_login
INFO: [ app_begin ] --START--
INFO: Run Behavior\ReadHtmlCacheBehavior [ RunTime:0.001000s ]
INFO: Run Behavior\CheckLangBehavior [ RunTime:0.001000s ]
INFO: [ app_begin ] --END-- [ RunTime:0.002000s ]
NOTIC: [8] Undefined index: url C:\wamp\www\thinkcmf\application\Common\Controller\AppframeController.class.php 第 24 行.

[ 2016-07-20T15:38:31+08:00 ] 127.0.0.1 /thinkcmf/index.php?g=user&m=index&a=is_login
INFO: [ app_begin ] --START--
INFO: Run Behavior\ReadHtmlCacheBehavior [ RunTime:0.001000s ]
INFO: Run Behavior\CheckLangBehavior [ RunTime:0.001000s ]
INFO: [ app_begin ] --END-- [ RunTime:0.003000s ]
NOTIC: [8] Undefined index: url C:\wamp\www\thinkcmf\application\Common\Controller\AppframeController.class.php 第 24 行.

[ 2016-07-20T15:39:11+08:00 ] 127.0.0.1 /thinkcmf/index.php?g=user&m=index&a=is_login
INFO: [ app_begin ] --START--
INFO: Run Behavior\ReadHtmlCacheBehavior [ RunTime:0.000000s ]
INFO: Run Behavior\CheckLangBehavior [ RunTime:0.001000s ]
INFO: [ app_begin ] --END-- [ RunTime:0.001000s ]
NOTIC: [8] Undefined index: url C:\wamp\www\thinkcmf\application\Common\Controller\AppframeController.class.php 第 24 行.

[ 2016-07-20T15:39:56+08:00 ] 127.0.0.1 /thinkcmf/index.php?g=user&m=index&a=is_login
INFO: [ app_begin ] --START--
INFO: Run Behavior\ReadHtmlCacheBehavior [ RunTime:0.001000s ]
INFO: Run Behavior\CheckLangBehavior [ RunTime:0.001000s ]
INFO: [ app_begin ] --END-- [ RunTime:0.002000s ]
NOTIC: [8] Undefined index: url C:\wamp\www\thinkcmf\application\Common\Controller\AppframeController.class.php 第 24 行.

[ 2016-07-20T15:40:22+08:00 ] 127.0.0.1 /thinkcmf/index.php?g=user&m=index&a=is_login
INFO: [ app_begin ] --START--
INFO: Run Behavior\ReadHtmlCacheBehavior [ RunTime:0.000000s ]
INFO: Run Behavior\CheckLangBehavior [ RunTime:0.000000s ]
INFO: [ app_begin ] --END-- [ RunTime:0.000000s ]
NOTIC: [8] Undefined index: url C:\wamp\www\thinkcmf\application\Common\Controller\AppframeController.class.php 第 24 行.

[ 2016-07-20T15:41:17+08:00 ] 127.0.0.1 /thinkcmf/index.php?g=user&m=index&a=is_login
INFO: [ app_begin ] --START--
INFO: Run Behavior\ReadHtmlCacheBehavior [ RunTime:0.000000s ]
INFO: Run Behavior\CheckLangBehavior [ RunTime:0.000000s ]
INFO: [ app_begin ] --END-- [ RunTime:0.001000s ]
NOTIC: [8] Undefined index: url C:\wamp\www\thinkcmf\application\Common\Controller\AppframeController.class.php 第 24 行.

[ 2016-07-20T15:41:19+08:00 ] 127.0.0.1 /thinkcmf/index.php?g=user&m=index&a=is_login
INFO: [ app_begin ] --START--
INFO: Run Behavior\ReadHtmlCacheBehavior [ RunTime:0.001000s ]
INFO: Run Behavior\CheckLangBehavior [ RunTime:0.001000s ]
INFO: [ app_begin ] --END-- [ RunTime:0.003000s ]
NOTIC: [8] Undefined index: url C:\wamp\www\thinkcmf\application\Common\Controller\AppframeController.class.php 第 24 行.

[ 2016-07-20T15:41:42+08:00 ] 127.0.0.1 /thinkcmf/index.php?g=user&m=index&a=is_login
INFO: [ app_begin ] --START--
INFO: Run Behavior\ReadHtmlCacheBehavior [ RunTime:0.000000s ]
INFO: Run Behavior\CheckLangBehavior [ RunTime:0.001000s ]
INFO: [ app_begin ] --END-- [ RunTime:0.001000s ]
NOTIC: [8] Undefined index: url C:\wamp\www\thinkcmf\application\Common\Controller\AppframeController.class.php 第 24 行.

[ 2016-07-20T15:41:46+08:00 ] 127.0.0.1 /thinkcmf/index.php?g=user&m=index&a=is_login
INFO: [ app_begin ] --START--
INFO: Run Behavior\ReadHtmlCacheBehavior [ RunTime:0.000000s ]
INFO: Run Behavior\CheckLangBehavior [ RunTime:0.001000s ]
INFO: [ app_begin ] --END-- [ RunTime:0.003000s ]
NOTIC: [8] Undefined index: url C:\wamp\www\thinkcmf\application\Common\Controller\AppframeController.class.php 第 24 行.

[ 2016-07-20T15:41:47+08:00 ] 127.0.0.1 /thinkcmf/index.php?g=user&m=index&a=is_login
INFO: [ app_begin ] --START--
INFO: Run Behavior\ReadHtmlCacheBehavior [ RunTime:0.001000s ]
INFO: Run Behavior\CheckLangBehavior [ RunTime:0.000000s ]
INFO: [ app_begin ] --END-- [ RunTime:0.001000s ]
NOTIC: [8] Undefined index: url C:\wamp\www\thinkcmf\application\Common\Controller\AppframeController.class.php 第 24 行.

[ 2016-07-20T15:41:57+08:00 ] 127.0.0.1 /thinkcmf/index.php?g=user&m=index&a=is_login
INFO: [ app_begin ] --START--
INFO: Run Behavior\ReadHtmlCacheBehavior [ RunTime:0.000000s ]
INFO: Run Behavior\CheckLangBehavior [ RunTime:0.002000s ]
INFO: [ app_begin ] --END-- [ RunTime:0.003000s ]
NOTIC: [8] Undefined index: url C:\wamp\www\thinkcmf\application\Common\Controller\AppframeController.class.php 第 24 行.

[ 2016-07-20T15:41:59+08:00 ] 127.0.0.1 /thinkcmf/index.php?g=user&m=index&a=is_login
INFO: [ app_begin ] --START--
INFO: Run Behavior\ReadHtmlCacheBehavior [ RunTime:0.000000s ]
INFO: Run Behavior\CheckLangBehavior [ RunTime:0.000000s ]
INFO: [ app_begin ] --END-- [ RunTime:0.001000s ]
NOTIC: [8] Undefined index: url C:\wamp\www\thinkcmf\application\Common\Controller\AppframeController.class.php 第 24 行.

[ 2016-07-20T15:42:02+08:00 ] 127.0.0.1 /thinkcmf/index.php?g=user&m=index&a=is_login
INFO: [ app_begin ] --START--
INFO: Run Behavior\ReadHtmlCacheBehavior [ RunTime:0.000000s ]
INFO: Run Behavior\CheckLangBehavior [ RunTime:0.000000s ]
INFO: [ app_begin ] --END-- [ RunTime:0.001000s ]
NOTIC: [8] Undefined index: url C:\wamp\www\thinkcmf\application\Common\Controller\AppframeController.class.php 第 24 行.

[ 2016-07-20T15:43:02+08:00 ] 127.0.0.1 /thinkcmf/index.php?g=user&m=index&a=is_login
INFO: [ app_begin ] --START--
INFO: Run Behavior\ReadHtmlCacheBehavior [ RunTime:0.000000s ]
INFO: Run Behavior\CheckLangBehavior [ RunTime:0.001000s ]
INFO: [ app_begin ] --END-- [ RunTime:0.002000s ]
NOTIC: [8] Undefined index: url C:\wamp\www\thinkcmf\application\Common\Controller\AppframeController.class.php 第 24 行.

[ 2016-07-20T15:43:30+08:00 ] 127.0.0.1 /thinkcmf/index.php?g=user&m=index&a=is_login
INFO: [ app_begin ] --START--
INFO: Run Behavior\ReadHtmlCacheBehavior [ RunTime:0.000000s ]
INFO: Run Behavior\CheckLangBehavior [ RunTime:0.001000s ]
INFO: [ app_begin ] --END-- [ RunTime:0.001000s ]
NOTIC: [8] Undefined index: url C:\wamp\www\thinkcmf\application\Common\Controller\AppframeController.class.php 第 24 行.

[ 2016-07-20T15:43:56+08:00 ] 127.0.0.1 /thinkcmf/index.php?g=user&m=index&a=is_login
INFO: [ app_begin ] --START--
INFO: Run Behavior\ReadHtmlCacheBehavior [ RunTime:0.001000s ]
INFO: Run Behavior\CheckLangBehavior [ RunTime:0.001000s ]
INFO: [ app_begin ] --END-- [ RunTime:0.002000s ]
NOTIC: [8] Undefined index: url C:\wamp\www\thinkcmf\application\Common\Controller\AppframeController.class.php 第 24 行.

[ 2016-07-20T15:44:04+08:00 ] 127.0.0.1 /thinkcmf/index.php?g=user&m=index&a=is_login
INFO: [ app_begin ] --START--
INFO: Run Behavior\ReadHtmlCacheBehavior [ RunTime:0.001000s ]
INFO: Run Behavior\CheckLangBehavior [ RunTime:0.001000s ]
INFO: [ app_begin ] --END-- [ RunTime:0.003000s ]
NOTIC: [8] Undefined index: url C:\wamp\www\thinkcmf\application\Common\Controller\AppframeController.class.php 第 24 行.

[ 2016-07-20T15:44:05+08:00 ] 127.0.0.1 /thinkcmf/index.php?g=user&m=index&a=is_login
INFO: [ app_begin ] --START--
INFO: Run Behavior\ReadHtmlCacheBehavior [ RunTime:0.001000s ]
INFO: Run Behavior\CheckLangBehavior [ RunTime:0.001000s ]
INFO: [ app_begin ] --END-- [ RunTime:0.002000s ]
NOTIC: [8] Undefined index: url C:\wamp\www\thinkcmf\application\Common\Controller\AppframeController.class.php 第 24 行.

[ 2016-07-20T15:44:58+08:00 ] 127.0.0.1 /thinkcmf/index.php?g=user&m=index&a=is_login
INFO: [ app_begin ] --START--
INFO: Run Behavior\ReadHtmlCacheBehavior [ RunTime:0.000000s ]
INFO: Run Behavior\CheckLangBehavior [ RunTime:0.001000s ]
INFO: [ app_begin ] --END-- [ RunTime:0.002000s ]
NOTIC: [8] Undefined index: url C:\wamp\www\thinkcmf\application\Common\Controller\AppframeController.class.php 第 24 行.

[ 2016-07-20T15:45:11+08:00 ] 127.0.0.1 /thinkcmf/index.php?g=user&m=index&a=is_login
INFO: [ app_begin ] --START--
INFO: Run Behavior\ReadHtmlCacheBehavior [ RunTime:0.000000s ]
INFO: Run Behavior\CheckLangBehavior [ RunTime:0.001000s ]
INFO: [ app_begin ] --END-- [ RunTime:0.002000s ]
NOTIC: [8] Undefined index: url C:\wamp\www\thinkcmf\application\Common\Controller\AppframeController.class.php 第 24 行.

[ 2016-07-20T15:45:13+08:00 ] 127.0.0.1 /thinkcmf/index.php?g=user&m=index&a=is_login
INFO: [ app_begin ] --START--
INFO: Run Behavior\ReadHtmlCacheBehavior [ RunTime:0.001000s ]
INFO: Run Behavior\CheckLangBehavior [ RunTime:0.000000s ]
INFO: [ app_begin ] --END-- [ RunTime:0.001000s ]
NOTIC: [8] Undefined index: url C:\wamp\www\thinkcmf\application\Common\Controller\AppframeController.class.php 第 24 行.

[ 2016-07-20T15:45:14+08:00 ] 127.0.0.1 /thinkcmf/index.php?g=user&m=index&a=is_login
INFO: [ app_begin ] --START--
INFO: Run Behavior\ReadHtmlCacheBehavior [ RunTime:0.000000s ]
INFO: Run Behavior\CheckLangBehavior [ RunTime:0.001000s ]
INFO: [ app_begin ] --END-- [ RunTime:0.002000s ]
NOTIC: [8] Undefined index: url C:\wamp\www\thinkcmf\application\Common\Controller\AppframeController.class.php 第 24 行.

[ 2016-07-20T15:45:15+08:00 ] 127.0.0.1 /thinkcmf/index.php?g=user&m=index&a=is_login
INFO: [ app_begin ] --START--
INFO: Run Behavior\ReadHtmlCacheBehavior [ RunTime:0.000000s ]
INFO: Run Behavior\CheckLangBehavior [ RunTime:0.001000s ]
INFO: [ app_begin ] --END-- [ RunTime:0.002000s ]
NOTIC: [8] Undefined index: url C:\wamp\www\thinkcmf\application\Common\Controller\AppframeController.class.php 第 24 行.

[ 2016-07-20T15:45:15+08:00 ] 127.0.0.1 /thinkcmf/index.php?g=user&m=index&a=is_login
INFO: [ app_begin ] --START--
INFO: Run Behavior\ReadHtmlCacheBehavior [ RunTime:0.000000s ]
INFO: Run Behavior\CheckLangBehavior [ RunTime:0.001000s ]
INFO: [ app_begin ] --END-- [ RunTime:0.002000s ]
NOTIC: [8] Undefined index: url C:\wamp\www\thinkcmf\application\Common\Controller\AppframeController.class.php 第 24 行.

[ 2016-07-20T15:45:21+08:00 ] 127.0.0.1 /thinkcmf/index.php?g=user&m=index&a=is_login
INFO: [ app_begin ] --START--
INFO: Run Behavior\ReadHtmlCacheBehavior [ RunTime:0.000000s ]
INFO: Run Behavior\CheckLangBehavior [ RunTime:0.000000s ]
INFO: [ app_begin ] --END-- [ RunTime:0.000000s ]
NOTIC: [8] Undefined index: url C:\wamp\www\thinkcmf\application\Common\Controller\AppframeController.class.php 第 24 行.

[ 2016-07-20T15:45:24+08:00 ] 127.0.0.1 /thinkcmf/index.php?g=user&m=index&a=is_login
INFO: [ app_begin ] --START--
INFO: Run Behavior\ReadHtmlCacheBehavior [ RunTime:0.001000s ]
INFO: Run Behavior\CheckLangBehavior [ RunTime:0.000000s ]
INFO: [ app_begin ] --END-- [ RunTime:0.001000s ]
NOTIC: [8] Undefined index: url C:\wamp\www\thinkcmf\application\Common\Controller\AppframeController.class.php 第 24 行.

[ 2016-07-20T15:45:26+08:00 ] 127.0.0.1 /thinkcmf/index.php?g=user&m=index&a=is_login
INFO: [ app_begin ] --START--
INFO: Run Behavior\ReadHtmlCacheBehavior [ RunTime:0.001000s ]
INFO: Run Behavior\CheckLangBehavior [ RunTime:0.001000s ]
INFO: [ app_begin ] --END-- [ RunTime:0.002000s ]
NOTIC: [8] Undefined index: url C:\wamp\www\thinkcmf\application\Common\Controller\AppframeController.class.php 第 24 行.

[ 2016-07-20T15:45:27+08:00 ] 127.0.0.1 /thinkcmf/index.php?g=user&m=index&a=is_login
INFO: [ app_begin ] --START--
INFO: Run Behavior\ReadHtmlCacheBehavior [ RunTime:0.000000s ]
INFO: Run Behavior\CheckLangBehavior [ RunTime:0.001000s ]
INFO: [ app_begin ] --END-- [ RunTime:0.001000s ]
NOTIC: [8] Undefined index: url C:\wamp\www\thinkcmf\application\Common\Controller\AppframeController.class.php 第 24 行.

[ 2016-07-20T15:45:28+08:00 ] 127.0.0.1 /thinkcmf/index.php?g=user&m=index&a=is_login
INFO: [ app_begin ] --START--
INFO: Run Behavior\ReadHtmlCacheBehavior [ RunTime:0.000000s ]
INFO: Run Behavior\CheckLangBehavior [ RunTime:0.001000s ]
INFO: [ app_begin ] --END-- [ RunTime:0.002000s ]
NOTIC: [8] Undefined index: url C:\wamp\www\thinkcmf\application\Common\Controller\AppframeController.class.php 第 24 行.

[ 2016-07-20T15:46:23+08:00 ] 127.0.0.1 /thinkcmf/index.php?g=user&m=index&a=is_login
INFO: [ app_begin ] --START--
INFO: Run Behavior\ReadHtmlCacheBehavior [ RunTime:0.001000s ]
INFO: Run Behavior\CheckLangBehavior [ RunTime:0.000000s ]
INFO: [ app_begin ] --END-- [ RunTime:0.001000s ]
NOTIC: [8] Undefined index: url C:\wamp\www\thinkcmf\application\Common\Controller\AppframeController.class.php 第 24 行.

[ 2016-07-20T15:46:25+08:00 ] 127.0.0.1 /thinkcmf/index.php?g=user&m=index&a=is_login
INFO: [ app_begin ] --START--
INFO: Run Behavior\ReadHtmlCacheBehavior [ RunTime:0.000000s ]
INFO: Run Behavior\CheckLangBehavior [ RunTime:0.000000s ]
INFO: [ app_begin ] --END-- [ RunTime:0.001000s ]
NOTIC: [8] Undefined index: url C:\wamp\www\thinkcmf\application\Common\Controller\AppframeController.class.php 第 24 行.

[ 2016-07-20T15:46:25+08:00 ] 127.0.0.1 /thinkcmf/index.php?g=user&m=index&a=is_login
INFO: [ app_begin ] --START--
INFO: Run Behavior\ReadHtmlCacheBehavior [ RunTime:0.000000s ]
INFO: Run Behavior\CheckLangBehavior [ RunTime:0.001000s ]
INFO: [ app_begin ] --END-- [ RunTime:0.002000s ]
NOTIC: [8] Undefined index: url C:\wamp\www\thinkcmf\application\Common\Controller\AppframeController.class.php 第 24 行.

[ 2016-07-20T15:48:40+08:00 ] 127.0.0.1 /thinkcmf/index.php?g=user&m=index&a=is_login
INFO: [ app_begin ] --START--
INFO: Run Behavior\ReadHtmlCacheBehavior [ RunTime:0.001000s ]
INFO: Run Behavior\CheckLangBehavior [ RunTime:0.001000s ]
INFO: [ app_begin ] --END-- [ RunTime:0.002000s ]
NOTIC: [8] Undefined index: url C:\wamp\www\thinkcmf\application\Common\Controller\AppframeController.class.php 第 24 行.

[ 2016-07-20T15:48:50+08:00 ] 127.0.0.1 /thinkcmf/index.php?g=user&m=index&a=is_login
INFO: [ app_begin ] --START--
INFO: Run Behavior\ReadHtmlCacheBehavior [ RunTime:0.000000s ]
INFO: Run Behavior\CheckLangBehavior [ RunTime:0.000000s ]
INFO: [ app_begin ] --END-- [ RunTime:0.000000s ]
NOTIC: [8] Undefined index: url C:\wamp\www\thinkcmf\application\Common\Controller\AppframeController.class.php 第 24 行.

[ 2016-07-20T15:49:53+08:00 ] 127.0.0.1 /thinkcmf/index.php?g=user&m=index&a=is_login
INFO: [ app_begin ] --START--
INFO: Run Behavior\ReadHtmlCacheBehavior [ RunTime:0.000000s ]
INFO: Run Behavior\CheckLangBehavior [ RunTime:0.001000s ]
INFO: [ app_begin ] --END-- [ RunTime:0.003000s ]
NOTIC: [8] Undefined index: url C:\wamp\www\thinkcmf\application\Common\Controller\AppframeController.class.php 第 24 行.

[ 2016-07-20T15:50:14+08:00 ] 127.0.0.1 /thinkcmf/index.php?g=user&m=index&a=is_login
INFO: [ app_begin ] --START--
INFO: Run Behavior\ReadHtmlCacheBehavior [ RunTime:0.001000s ]
INFO: Run Behavior\CheckLangBehavior [ RunTime:0.001000s ]
INFO: [ app_begin ] --END-- [ RunTime:0.002000s ]
NOTIC: [8] Undefined index: url C:\wamp\www\thinkcmf\application\Common\Controller\AppframeController.class.php 第 24 行.

[ 2016-07-20T15:50:28+08:00 ] 127.0.0.1 /thinkcmf/index.php?g=user&m=index&a=is_login
INFO: [ app_begin ] --START--
INFO: Run Behavior\ReadHtmlCacheBehavior [ RunTime:0.000000s ]
INFO: Run Behavior\CheckLangBehavior [ RunTime:0.000000s ]
INFO: [ app_begin ] --END-- [ RunTime:0.002000s ]
NOTIC: [8] Undefined index: url C:\wamp\www\thinkcmf\application\Common\Controller\AppframeController.class.php 第 24 行.

[ 2016-07-20T15:51:00+08:00 ] 127.0.0.1 /thinkcmf/index.php?g=user&m=index&a=is_login
INFO: [ app_begin ] --START--
INFO: Run Behavior\ReadHtmlCacheBehavior [ RunTime:0.000000s ]
INFO: Run Behavior\CheckLangBehavior [ RunTime:0.001000s ]
INFO: [ app_begin ] --END-- [ RunTime:0.001000s ]
NOTIC: [8] Undefined index: url C:\wamp\www\thinkcmf\application\Common\Controller\AppframeController.class.php 第 24 行.

[ 2016-07-20T15:51:04+08:00 ] 127.0.0.1 /thinkcmf/index.php?g=user&m=index&a=is_login
INFO: [ app_begin ] --START--
INFO: Run Behavior\ReadHtmlCacheBehavior [ RunTime:0.001000s ]
INFO: Run Behavior\CheckLangBehavior [ RunTime:0.000000s ]
INFO: [ app_begin ] --END-- [ RunTime:0.002000s ]
NOTIC: [8] Undefined index: url C:\wamp\www\thinkcmf\application\Common\Controller\AppframeController.class.php 第 24 行.

[ 2016-07-20T15:51:10+08:00 ] 127.0.0.1 /thinkcmf/index.php?g=user&m=index&a=is_login
INFO: [ app_begin ] --START--
INFO: Run Behavior\ReadHtmlCacheBehavior [ RunTime:0.000000s ]
INFO: Run Behavior\CheckLangBehavior [ RunTime:0.000000s ]
INFO: [ app_begin ] --END-- [ RunTime:0.001000s ]
NOTIC: [8] Undefined index: url C:\wamp\www\thinkcmf\application\Common\Controller\AppframeController.class.php 第 24 行.

[ 2016-07-20T15:51:11+08:00 ] 127.0.0.1 /thinkcmf/index.php?g=user&m=index&a=is_login
INFO: [ app_begin ] --START--
INFO: Run Behavior\ReadHtmlCacheBehavior [ RunTime:0.001000s ]
INFO: Run Behavior\CheckLangBehavior [ RunTime:0.001000s ]
INFO: [ app_begin ] --END-- [ RunTime:0.002000s ]
NOTIC: [8] Undefined index: url C:\wamp\www\thinkcmf\application\Common\Controller\AppframeController.class.php 第 24 行.

[ 2016-07-20T15:51:13+08:00 ] 127.0.0.1 /thinkcmf/index.php?g=user&m=index&a=is_login
INFO: [ app_begin ] --START--
INFO: Run Behavior\ReadHtmlCacheBehavior [ RunTime:0.001000s ]
INFO: Run Behavior\CheckLangBehavior [ RunTime:0.001000s ]
INFO: [ app_begin ] --END-- [ RunTime:0.002000s ]
NOTIC: [8] Undefined index: url C:\wamp\www\thinkcmf\application\Common\Controller\AppframeController.class.php 第 24 行.

[ 2016-07-20T15:51:13+08:00 ] 127.0.0.1 /thinkcmf/index.php?g=user&m=index&a=is_login
INFO: [ app_begin ] --START--
INFO: Run Behavior\ReadHtmlCacheBehavior [ RunTime:0.000000s ]
INFO: Run Behavior\CheckLangBehavior [ RunTime:0.001000s ]
INFO: [ app_begin ] --END-- [ RunTime:0.002000s ]
NOTIC: [8] Undefined index: url C:\wamp\www\thinkcmf\application\Common\Controller\AppframeController.class.php 第 24 行.

[ 2016-07-20T15:51:15+08:00 ] 127.0.0.1 /thinkcmf/index.php?g=user&m=index&a=is_login
INFO: [ app_begin ] --START--
INFO: Run Behavior\ReadHtmlCacheBehavior [ RunTime:0.001000s ]
INFO: Run Behavior\CheckLangBehavior [ RunTime:0.001000s ]
INFO: [ app_begin ] --END-- [ RunTime:0.002000s ]
NOTIC: [8] Undefined index: url C:\wamp\www\thinkcmf\application\Common\Controller\AppframeController.class.php 第 24 行.

[ 2016-07-20T15:51:16+08:00 ] 127.0.0.1 /thinkcmf/index.php?g=user&m=index&a=is_login
INFO: [ app_begin ] --START--
INFO: Run Behavior\ReadHtmlCacheBehavior [ RunTime:0.000000s ]
INFO: Run Behavior\CheckLangBehavior [ RunTime:0.001000s ]
INFO: [ app_begin ] --END-- [ RunTime:0.001000s ]
NOTIC: [8] Undefined index: url C:\wamp\www\thinkcmf\application\Common\Controller\AppframeController.class.php 第 24 行.

[ 2016-07-20T15:51:16+08:00 ] 127.0.0.1 /thinkcmf/index.php?g=user&m=index&a=is_login
INFO: [ app_begin ] --START--
INFO: Run Behavior\ReadHtmlCacheBehavior [ RunTime:0.000000s ]
INFO: Run Behavior\CheckLangBehavior [ RunTime:0.001000s ]
INFO: [ app_begin ] --END-- [ RunTime:0.002000s ]
NOTIC: [8] Undefined index: url C:\wamp\www\thinkcmf\application\Common\Controller\AppframeController.class.php 第 24 行.

[ 2016-07-20T15:51:25+08:00 ] 127.0.0.1 /thinkcmf/index.php?g=user&m=index&a=is_login
INFO: [ app_begin ] --START--
INFO: Run Behavior\ReadHtmlCacheBehavior [ RunTime:0.000000s ]
INFO: Run Behavior\CheckLangBehavior [ RunTime:0.001000s ]
INFO: [ app_begin ] --END-- [ RunTime:0.002000s ]
NOTIC: [8] Undefined index: url C:\wamp\www\thinkcmf\application\Common\Controller\AppframeController.class.php 第 24 行.

[ 2016-07-20T15:55:58+08:00 ] 127.0.0.1 /thinkcmf/index.php?g=user&m=index&a=is_login
INFO: [ app_begin ] --START--
INFO: Run Behavior\ReadHtmlCacheBehavior [ RunTime:0.001000s ]
INFO: Run Behavior\CheckLangBehavior [ RunTime:0.001000s ]
INFO: [ app_begin ] --END-- [ RunTime:0.002000s ]
NOTIC: [8] Undefined index: url C:\wamp\www\thinkcmf\application\Common\Controller\AppframeController.class.php 第 24 行.

[ 2016-07-20T15:56:00+08:00 ] 127.0.0.1 /thinkcmf/index.php?g=user&m=index&a=is_login
INFO: [ app_begin ] --START--
INFO: Run Behavior\ReadHtmlCacheBehavior [ RunTime:0.000000s ]
INFO: Run Behavior\CheckLangBehavior [ RunTime:0.001000s ]
INFO: [ app_begin ] --END-- [ RunTime:0.002000s ]
NOTIC: [8] Undefined index: url C:\wamp\www\thinkcmf\application\Common\Controller\AppframeController.class.php 第 24 行.

[ 2016-07-20T16:05:52+08:00 ] 127.0.0.1 /thinkcmf/index.php?g=user&m=index&a=is_login
INFO: [ app_begin ] --START--
INFO: Run Behavior\ReadHtmlCacheBehavior [ RunTime:0.001000s ]
INFO: Run Behavior\CheckLangBehavior [ RunTime:0.001000s ]
INFO: [ app_begin ] --END-- [ RunTime:0.002000s ]
NOTIC: [8] Undefined index: url C:\wamp\www\thinkcmf\application\Common\Controller\AppframeController.class.php 第 24 行.

[ 2016-07-20T16:53:45+08:00 ] 127.0.0.1 /thinkcmf/index.php?g=user&m=index&a=is_login
INFO: [ app_begin ] --START--
INFO: Run Behavior\ReadHtmlCacheBehavior [ RunTime:0.000000s ]
INFO: Run Behavior\CheckLangBehavior [ RunTime:0.001000s ]
INFO: [ app_begin ] --END-- [ RunTime:0.003000s ]
NOTIC: [8] Undefined index: url C:\wamp\www\thinkcmf\application\Common\Controller\AppframeController.class.php 第 24 行.

[ 2016-07-20T16:53:47+08:00 ] 127.0.0.1 /thinkcmf/index.php?g=user&m=index&a=is_login
INFO: [ app_begin ] --START--
INFO: Run Behavior\ReadHtmlCacheBehavior [ RunTime:0.000000s ]
INFO: Run Behavior\CheckLangBehavior [ RunTime:0.001000s ]
INFO: [ app_begin ] --END-- [ RunTime:0.002000s ]
NOTIC: [8] Undefined index: url C:\wamp\www\thinkcmf\application\Common\Controller\AppframeController.class.php 第 24 行.

[ 2016-07-20T16:53:57+08:00 ] 127.0.0.1 /thinkcmf/index.php?g=user&m=index&a=is_login
INFO: [ app_begin ] --START--
INFO: Run Behavior\ReadHtmlCacheBehavior [ RunTime:0.000000s ]
INFO: Run Behavior\CheckLangBehavior [ RunTime:0.000000s ]
INFO: [ app_begin ] --END-- [ RunTime:0.000000s ]
NOTIC: [8] Undefined index: url C:\wamp\www\thinkcmf\application\Common\Controller\AppframeController.class.php 第 24 行.

[ 2016-07-20T16:54:02+08:00 ] 127.0.0.1 /thinkcmf/index.php?g=user&m=index&a=is_login
INFO: [ app_begin ] --START--
INFO: Run Behavior\ReadHtmlCacheBehavior [ RunTime:0.000000s ]
INFO: Run Behavior\CheckLangBehavior [ RunTime:0.001000s ]
INFO: [ app_begin ] --END-- [ RunTime:0.002000s ]
NOTIC: [8] Undefined index: url C:\wamp\www\thinkcmf\application\Common\Controller\AppframeController.class.php 第 24 行.

[ 2016-07-20T17:13:09+08:00 ] 127.0.0.1 /thinkcmf/index.php?g=user&m=index&a=is_login
INFO: [ app_begin ] --START--
INFO: Run Behavior\ReadHtmlCacheBehavior [ RunTime:0.001000s ]
INFO: Run Behavior\CheckLangBehavior [ RunTime:0.002000s ]
INFO: [ app_begin ] --END-- [ RunTime:0.004000s ]
NOTIC: [8] Undefined index: url C:\wamp\www\thinkcmf\application\Common\Controller\AppframeController.class.php 第 24 行.

[ 2016-07-20T17:13:13+08:00 ] 127.0.0.1 /thinkcmf/index.php?g=user&m=index&a=is_login
INFO: [ app_begin ] --START--
INFO: Run Behavior\ReadHtmlCacheBehavior [ RunTime:0.000000s ]
INFO: Run Behavior\CheckLangBehavior [ RunTime:0.001000s ]
INFO: [ app_begin ] --END-- [ RunTime:0.001000s ]
NOTIC: [8] Undefined index: url C:\wamp\www\thinkcmf\application\Common\Controller\AppframeController.class.php 第 24 行.

[ 2016-07-20T17:16:24+08:00 ] 127.0.0.1 /thinkcmf/index.php?g=user&m=index&a=is_login
INFO: [ app_begin ] --START--
INFO: Run Behavior\ReadHtmlCacheBehavior [ RunTime:0.001000s ]
INFO: Run Behavior\CheckLangBehavior [ RunTime:0.001000s ]
INFO: [ app_begin ] --END-- [ RunTime:0.002000s ]
NOTIC: [8] Undefined index: url C:\wamp\www\thinkcmf\application\Common\Controller\AppframeController.class.php 第 24 行.

[ 2016-07-20T17:16:36+08:00 ] 127.0.0.1 /thinkcmf/index.php?g=user&m=index&a=is_login
INFO: [ app_begin ] --START--
INFO: Run Behavior\ReadHtmlCacheBehavior [ RunTime:0.001000s ]
INFO: Run Behavior\CheckLangBehavior [ RunTime:0.002000s ]
INFO: [ app_begin ] --END-- [ RunTime:0.003000s ]
NOTIC: [8] Undefined index: url C:\wamp\www\thinkcmf\application\Common\Controller\AppframeController.class.php 第 24 行.

[ 2016-07-20T17:34:51+08:00 ] 192.168.2.121 /thinkcmf/index.php?g=user&m=index&a=is_login
INFO: [ app_begin ] --START--
INFO: Run Behavior\ReadHtmlCacheBehavior [ RunTime:0.002000s ]
INFO: Run Behavior\CheckLangBehavior [ RunTime:0.002000s ]
INFO: [ app_begin ] --END-- [ RunTime:0.005000s ]
NOTIC: [8] Undefined index: url C:\wamp\www\thinkcmf\application\Common\Controller\AppframeController.class.php 第 24 行.

[ 2016-07-20T17:35:34+08:00 ] 192.168.2.121 /thinkcmf/index.php?g=user&m=index&a=is_login
INFO: [ app_begin ] --START--
INFO: Run Behavior\ReadHtmlCacheBehavior [ RunTime:0.002000s ]
INFO: Run Behavior\CheckLangBehavior [ RunTime:0.002000s ]
INFO: [ app_begin ] --END-- [ RunTime:0.004000s ]
NOTIC: [8] Undefined index: url C:\wamp\www\thinkcmf\application\Common\Controller\AppframeController.class.php 第 24 行.

[ 2016-07-20T17:37:54+08:00 ] 192.168.2.121 /thinkcmf/index.php?g=user&m=index&a=is_login
INFO: [ app_begin ] --START--
INFO: Run Behavior\ReadHtmlCacheBehavior [ RunTime:0.001000s ]
INFO: Run Behavior\CheckLangBehavior [ RunTime:0.001000s ]
INFO: [ app_begin ] --END-- [ RunTime:0.003000s ]
NOTIC: [8] Undefined index: url C:\wamp\www\thinkcmf\application\Common\Controller\AppframeController.class.php 第 24 行.

[ 2016-07-20T17:37:59+08:00 ] 192.168.2.121 /thinkcmf/index.php?g=user&m=index&a=is_login
INFO: [ app_begin ] --START--
INFO: Run Behavior\ReadHtmlCacheBehavior [ RunTime:0.001000s ]
INFO: Run Behavior\CheckLangBehavior [ RunTime:0.001000s ]
INFO: [ app_begin ] --END-- [ RunTime:0.004000s ]
NOTIC: [8] Undefined index: url C:\wamp\www\thinkcmf\application\Common\Controller\AppframeController.class.php 第 24 行.

[ 2016-07-20T17:38:12+08:00 ] 192.168.2.121 /thinkcmf/index.php?g=user&m=index&a=is_login
INFO: [ app_begin ] --START--
INFO: Run Behavior\ReadHtmlCacheBehavior [ RunTime:0.003000s ]
INFO: Run Behavior\CheckLangBehavior [ RunTime:0.004000s ]
INFO: [ app_begin ] --END-- [ RunTime:0.009000s ]
NOTIC: [8] Undefined index: url C:\wamp\www\thinkcmf\application\Common\Controller\AppframeController.class.php 第 24 行.

[ 2016-07-20T17:38:24+08:00 ] 192.168.2.121 /thinkcmf/index.php?g=user&m=index&a=is_login
INFO: [ app_begin ] --START--
INFO: Run Behavior\ReadHtmlCacheBehavior [ RunTime:0.001000s ]
INFO: Run Behavior\CheckLangBehavior [ RunTime:0.001000s ]
INFO: [ app_begin ] --END-- [ RunTime:0.003000s ]
NOTIC: [8] Undefined index: url C:\wamp\www\thinkcmf\application\Common\Controller\AppframeController.class.php 第 24 行.

[ 2016-07-20T17:46:04+08:00 ] 127.0.0.1 /thinkcmf/index.php?g=user&m=index&a=is_login
INFO: [ app_begin ] --START--
INFO: Run Behavior\ReadHtmlCacheBehavior [ RunTime:0.000000s ]
INFO: Run Behavior\CheckLangBehavior [ RunTime:0.001000s ]
INFO: [ app_begin ] --END-- [ RunTime:0.002000s ]
NOTIC: [8] Undefined index: url C:\wamp\www\thinkcmf\application\Common\Controller\AppframeController.class.php 第 24 行.

[ 2016-07-20T17:49:26+08:00 ] 127.0.0.1 /thinkcmf/index.php?g=user&m=index&a=is_login
INFO: [ app_begin ] --START--
INFO: Run Behavior\ReadHtmlCacheBehavior [ RunTime:0.000000s ]
INFO: Run Behavior\CheckLangBehavior [ RunTime:0.001000s ]
INFO: [ app_begin ] --END-- [ RunTime:0.002000s ]
NOTIC: [8] Undefined index: url C:\wamp\www\thinkcmf\application\Common\Controller\AppframeController.class.php 第 24 行.

[ 2016-07-20T17:50:27+08:00 ] 127.0.0.1 /thinkcmf/index.php?g=user&m=index&a=is_login
INFO: [ app_begin ] --START--
INFO: Run Behavior\ReadHtmlCacheBehavior [ RunTime:0.000000s ]
INFO: Run Behavior\CheckLangBehavior [ RunTime:0.001000s ]
INFO: [ app_begin ] --END-- [ RunTime:0.002000s ]
NOTIC: [8] Undefined index: url C:\wamp\www\thinkcmf\application\Common\Controller\AppframeController.class.php 第 24 行.

[ 2016-07-20T17:50:37+08:00 ] 127.0.0.1 /thinkcmf/index.php?g=user&m=index&a=is_login
INFO: [ app_begin ] --START--
INFO: Run Behavior\ReadHtmlCacheBehavior [ RunTime:0.001000s ]
INFO: Run Behavior\CheckLangBehavior [ RunTime:0.001000s ]
INFO: [ app_begin ] --END-- [ RunTime:0.002000s ]
NOTIC: [8] Undefined index: url C:\wamp\www\thinkcmf\application\Common\Controller\AppframeController.class.php 第 24 行.

[ 2016-07-20T17:50:40+08:00 ] 127.0.0.1 /thinkcmf/index.php?g=user&m=index&a=is_login
INFO: [ app_begin ] --START--
INFO: Run Behavior\ReadHtmlCacheBehavior [ RunTime:0.000000s ]
INFO: Run Behavior\CheckLangBehavior [ RunTime:0.001000s ]
INFO: [ app_begin ] --END-- [ RunTime:0.002000s ]
NOTIC: [8] Undefined index: url C:\wamp\www\thinkcmf\application\Common\Controller\AppframeController.class.php 第 24 行.

[ 2016-07-20T17:50:42+08:00 ] 127.0.0.1 /thinkcmf/index.php?g=user&m=index&a=is_login
INFO: [ app_begin ] --START--
INFO: Run Behavior\ReadHtmlCacheBehavior [ RunTime:0.000000s ]
INFO: Run Behavior\CheckLangBehavior [ RunTime:0.002000s ]
INFO: [ app_begin ] --END-- [ RunTime:0.003000s ]
NOTIC: [8] Undefined index: url C:\wamp\www\thinkcmf\application\Common\Controller\AppframeController.class.php 第 24 行.

[ 2016-07-20T17:50:50+08:00 ] 127.0.0.1 /thinkcmf/index.php?g=user&m=index&a=is_login
INFO: [ app_begin ] --START--
INFO: Run Behavior\ReadHtmlCacheBehavior [ RunTime:0.000000s ]
INFO: Run Behavior\CheckLangBehavior [ RunTime:0.000000s ]
INFO: [ app_begin ] --END-- [ RunTime:0.001000s ]
NOTIC: [8] Undefined index: url C:\wamp\www\thinkcmf\application\Common\Controller\AppframeController.class.php 第 24 行.

[ 2016-07-20T17:50:56+08:00 ] 127.0.0.1 /thinkcmf/index.php?g=user&m=index&a=is_login
INFO: [ app_begin ] --START--
INFO: Run Behavior\ReadHtmlCacheBehavior [ RunTime:0.000000s ]
INFO: Run Behavior\CheckLangBehavior [ RunTime:0.001000s ]
INFO: [ app_begin ] --END-- [ RunTime:0.002000s ]
NOTIC: [8] Undefined index: url C:\wamp\www\thinkcmf\application\Common\Controller\AppframeController.class.php 第 24 行.

[ 2016-07-20T17:51:03+08:00 ] 127.0.0.1 /thinkcmf/index.php?g=user&m=index&a=is_login
INFO: [ app_begin ] --START--
INFO: Run Behavior\ReadHtmlCacheBehavior [ RunTime:0.001000s ]
INFO: Run Behavior\CheckLangBehavior [ RunTime:0.001000s ]
INFO: [ app_begin ] --END-- [ RunTime:0.002000s ]
NOTIC: [8] Undefined index: url C:\wamp\www\thinkcmf\application\Common\Controller\AppframeController.class.php 第 24 行.

[ 2016-07-20T17:51:04+08:00 ] 127.0.0.1 /thinkcmf/index.php?g=user&m=index&a=is_login
INFO: [ app_begin ] --START--
INFO: Run Behavior\ReadHtmlCacheBehavior [ RunTime:0.000000s ]
INFO: Run Behavior\CheckLangBehavior [ RunTime:0.001000s ]
INFO: [ app_begin ] --END-- [ RunTime:0.002000s ]
NOTIC: [8] Undefined index: url C:\wamp\www\thinkcmf\application\Common\Controller\AppframeController.class.php 第 24 行.

[ 2016-07-20T17:51:06+08:00 ] 127.0.0.1 /thinkcmf/index.php?g=user&m=index&a=is_login
INFO: [ app_begin ] --START--
INFO: Run Behavior\ReadHtmlCacheBehavior [ RunTime:0.000000s ]
INFO: Run Behavior\CheckLangBehavior [ RunTime:0.001000s ]
INFO: [ app_begin ] --END-- [ RunTime:0.002000s ]
NOTIC: [8] Undefined index: url C:\wamp\www\thinkcmf\application\Common\Controller\AppframeController.class.php 第 24 行.

[ 2016-07-20T17:51:08+08:00 ] 127.0.0.1 /thinkcmf/index.php?g=user&m=index&a=is_login
INFO: [ app_begin ] --START--
INFO: Run Behavior\ReadHtmlCacheBehavior [ RunTime:0.000000s ]
INFO: Run Behavior\CheckLangBehavior [ RunTime:0.000000s ]
INFO: [ app_begin ] --END-- [ RunTime:0.001000s ]
NOTIC: [8] Undefined index: url C:\wamp\www\thinkcmf\application\Common\Controller\AppframeController.class.php 第 24 行.

