[ 2016-08-01T10:11:39+08:00 ] ::1 /thinkcmf/index.php?g=user&m=index&a=is_login
INFO: [ app_begin ] --START--
INFO: Run Behavior\ReadHtmlCacheBehavior [ RunTime:0.000000s ]
INFO: Run Behavior\CheckLangBehavior [ RunTime:0.001000s ]
INFO: [ app_begin ] --END-- [ RunTime:0.003000s ]
NOTIC: [8] Undefined index: url C:\wamp\www\thinkcmf\application\Common\Controller\AppframeController.class.php 第 24 行.

[ 2016-08-01T10:12:30+08:00 ] ::1 /thinkcmf/index.php?g=user&m=index&a=is_login
INFO: [ app_begin ] --START--
INFO: Run Behavior\ReadHtmlCacheBehavior [ RunTime:0.001000s ]
INFO: Run Behavior\CheckLangBehavior [ RunTime:0.001000s ]
INFO: [ app_begin ] --END-- [ RunTime:0.002000s ]
NOTIC: [8] Undefined index: url C:\wamp\www\thinkcmf\application\Common\Controller\AppframeController.class.php 第 24 行.

[ 2016-08-01T10:12:31+08:00 ] ::1 /thinkcmf/index.php?g=user&m=index&a=is_login
INFO: [ app_begin ] --START--
INFO: Run Behavior\ReadHtmlCacheBehavior [ RunTime:0.000000s ]
INFO: Run Behavior\CheckLangBehavior [ RunTime:0.001000s ]
INFO: [ app_begin ] --END-- [ RunTime:0.002000s ]
NOTIC: [8] Undefined index: url C:\wamp\www\thinkcmf\application\Common\Controller\AppframeController.class.php 第 24 行.

[ 2016-08-01T10:12:31+08:00 ] ::1 /thinkcmf/index.php?g=user&m=index&a=is_login
INFO: [ app_begin ] --START--
INFO: Run Behavior\ReadHtmlCacheBehavior [ RunTime:0.000000s ]
INFO: Run Behavior\CheckLangBehavior [ RunTime:0.001000s ]
INFO: [ app_begin ] --END-- [ RunTime:0.002000s ]
NOTIC: [8] Undefined index: url C:\wamp\www\thinkcmf\application\Common\Controller\AppframeController.class.php 第 24 行.

[ 2016-08-01T10:14:57+08:00 ] ::1 /thinkcmf/index.php?g=user&m=index&a=is_login
INFO: [ app_begin ] --START--
INFO: Run Behavior\ReadHtmlCacheBehavior [ RunTime:0.001000s ]
INFO: Run Behavior\CheckLangBehavior [ RunTime:0.001000s ]
INFO: [ app_begin ] --END-- [ RunTime:0.003000s ]
NOTIC: [8] Undefined index: url D:\wamp\www\thinkcmf\application\Common\Controller\AppframeController.class.php 第 24 行.

[ 2016-08-01T10:17:03+08:00 ] 127.0.0.1 /thinkcmf/index.php?g=user&m=index&a=is_login
INFO: [ app_begin ] --START--
INFO: Run Behavior\ReadHtmlCacheBehavior [ RunTime:0.001000s ]
INFO: Run Behavior\CheckLangBehavior [ RunTime:0.002000s ]
INFO: [ app_begin ] --END-- [ RunTime:0.003000s ]
NOTIC: [8] Undefined index: url D:\wamp\www\thinkcmf\application\Common\Controller\AppframeController.class.php 第 24 行.

[ 2016-08-01T10:17:09+08:00 ] 127.0.0.1 /thinkcmf/index.php?g=user&m=index&a=is_login
INFO: [ app_begin ] --START--
INFO: Run Behavior\ReadHtmlCacheBehavior [ RunTime:0.001000s ]
INFO: Run Behavior\CheckLangBehavior [ RunTime:0.002000s ]
INFO: [ app_begin ] --END-- [ RunTime:0.004000s ]
NOTIC: [8] Undefined index: url D:\wamp\www\thinkcmf\application\Common\Controller\AppframeController.class.php 第 24 行.

[ 2016-08-01T10:17:24+08:00 ] 127.0.0.1 /thinkcmf/index.php?g=user&m=index&a=is_login
INFO: [ app_begin ] --START--
INFO: Run Behavior\ReadHtmlCacheBehavior [ RunTime:0.001000s ]
INFO: Run Behavior\CheckLangBehavior [ RunTime:0.001000s ]
INFO: [ app_begin ] --END-- [ RunTime:0.003000s ]
NOTIC: [8] Undefined index: url D:\wamp\www\thinkcmf\application\Common\Controller\AppframeController.class.php 第 24 行.

[ 2016-08-01T10:17:28+08:00 ] 127.0.0.1 /thinkcmf/index.php?g=user&m=index&a=is_login
INFO: [ app_begin ] --START--
INFO: Run Behavior\ReadHtmlCacheBehavior [ RunTime:0.002000s ]
INFO: Run Behavior\CheckLangBehavior [ RunTime:0.002000s ]
INFO: [ app_begin ] --END-- [ RunTime:0.005000s ]
NOTIC: [8] Undefined index: url D:\wamp\www\thinkcmf\application\Common\Controller\AppframeController.class.php 第 24 行.

[ 2016-08-01T10:21:40+08:00 ] ::1 /thinkcmf/index.php?g=user&m=index&a=is_login
INFO: [ app_begin ] --START--
INFO: Run Behavior\ReadHtmlCacheBehavior [ RunTime:0.001000s ]
INFO: Run Behavior\CheckLangBehavior [ RunTime:0.001000s ]
INFO: [ app_begin ] --END-- [ RunTime:0.002000s ]
NOTIC: [8] Undefined index: url D:\wamp\www\thinkcmf\application\Common\Controller\AppframeController.class.php 第 24 行.

